The system is: Darwin - 15.0.0 - x86_64
Compiling the C compiler identification source file "CMakeCCompilerId.c" succeeded.
Compiler:  
Build flags: 
Id flags: 

The output was:
0
2015-12-12 17:40:13.632 xcodebuild[54478:1476530] [MT] PluginLoading: Required plug-in compatibility UUID 7265231C-39B4-402C-89E1-16167C4CC990 for plug-in at path '~/Library/Application Support/Developer/Shared/Xcode/Plug-ins/RealmBrowser.xcplugin' not present in DVTPlugInCompatibilityUUIDs
=== BUILD TARGET CompilerIdC OF PROJECT CompilerIdC WITH THE DEFAULT CONFIGURATION (Debug) ===

Check dependencies

Write auxiliary files
write-file /Users/zuziakaxel/Development/Geant4/projects/fh/CMakeFiles/3.4.1/CompilerIdC/CompilerIdC.build/Debug/CompilerIdC.build/CompilerIdC.hmap
/bin/mkdir -p /Users/zuziakaxel/Development/Geant4/projects/fh/CMakeFiles/3.4.1/CompilerIdC/CompilerIdC.build/Debug/CompilerIdC.build/Objects-normal/x86_64
write-file /Users/zuziakaxel/Development/Geant4/projects/fh/CMakeFiles/3.4.1/CompilerIdC/CompilerIdC.build/Debug/CompilerIdC.build/Objects-normal/x86_64/CompilerIdC.LinkFileList
write-file /Users/zuziakaxel/Development/Geant4/projects/fh/CMakeFiles/3.4.1/CompilerIdC/CompilerIdC.build/Debug/CompilerIdC.build/Script-2C8FEB8E15DC1A1A00E56A5D.sh
chmod 0755 /Users/zuziakaxel/Development/Geant4/projects/fh/CMakeFiles/3.4.1/CompilerIdC/CompilerIdC.build/Debug/CompilerIdC.build/Script-2C8FEB8E15DC1A1A00E56A5D.sh

CompileC CompilerIdC.build/Debug/CompilerIdC.build/Objects-normal/x86_64/CMakeCCompilerId.o CMakeCCompilerId.c normal x86_64 c com.apple.compilers.llvm.clang.1_0.compiler
    cd /Users/zuziakaxel/Development/Geant4/projects/fh/CMakeFiles/3.4.1/CompilerIdC
    export LANG=en_US.US-ASCII
    /Applications/Xcode.app/Contents/Developer/Toolchains/XcodeDefault.xctoolchain/usr/bin/clang -x c -arch x86_64 -fmessage-length=0 -fdiagnostics-show-note-include-stack -fmacro-backtrace-limit=0 -Wno-trigraphs -fpascal-strings -Os -Wno-missing-field-initializers -Wno-missing-prototypes -Wno-return-type -Wno-missing-braces -Wparentheses -Wswitch -Wno-unused-function -Wno-unused-label -Wno-unused-parameter -Wno-unused-variable -Wunused-value -Wno-empty-body -Wno-uninitialized -Wno-unknown-pragmas -Wno-shadow -Wno-four-char-constants -Wno-conversion -Wno-constant-conversion -Wno-int-conversion -Wno-bool-conversion -Wno-enum-conversion -Wno-shorten-64-to-32 -Wpointer-sign -Wno-newline-eof -isysroot /Applications/Xcode.app/Contents/Developer/Platforms/MacOSX.platform/Developer/SDKs/MacOSX10.11.sdk -fasm-blocks -fstrict-aliasing -Wdeprecated-declarations -mmacosx-version-min=10.11 -g -fvisibility=hidden -Wno-sign-conversion -I/Users/zuziakaxel/Development/Geant4/projects/fh/CMakeFiles/3.4.1/CompilerIdC/CompilerIdC.build/Debug/CompilerIdC.build/CompilerIdC.hmap -I/Users/zuziakaxel/Development/Geant4/projects/fh/CMakeFiles/3.4.1/CompilerIdC/include -I/Users/zuziakaxel/Development/Geant4/projects/fh/CMakeFiles/3.4.1/CompilerIdC/CompilerIdC.build/Debug/CompilerIdC.build/DerivedSources/x86_64 -I/Users/zuziakaxel/Development/Geant4/projects/fh/CMakeFiles/3.4.1/CompilerIdC/CompilerIdC.build/Debug/CompilerIdC.build/DerivedSources -F/Users/zuziakaxel/Development/Geant4/projects/fh/CMakeFiles/3.4.1/CompilerIdC -MMD -MT dependencies -MF /Users/zuziakaxel/Development/Geant4/projects/fh/CMakeFiles/3.4.1/CompilerIdC/CompilerIdC.build/Debug/CompilerIdC.build/Objects-normal/x86_64/CMakeCCompilerId.d --serialize-diagnostics /Users/zuziakaxel/Development/Geant4/projects/fh/CMakeFiles/3.4.1/CompilerIdC/CompilerIdC.build/Debug/CompilerIdC.build/Objects-normal/x86_64/CMakeCCompilerId.dia -c /Users/zuziakaxel/Development/Geant4/projects/fh/CMakeFiles/3.4.1/CompilerIdC/CMakeCCompilerId.c -o /Users/zuziakaxel/Development/Geant4/projects/fh/CMakeFiles/3.4.1/CompilerIdC/CompilerIdC.build/Debug/CompilerIdC.build/Objects-normal/x86_64/CMakeCCompilerId.o

Ld CompilerIdC normal x86_64
    cd /Users/zuziakaxel/Development/Geant4/projects/fh/CMakeFiles/3.4.1/CompilerIdC
    export MACOSX_DEPLOYMENT_TARGET=10.11
    /Applications/Xcode.app/Contents/Developer/Toolchains/XcodeDefault.xctoolchain/usr/bin/clang -arch x86_64 -isysroot /Applications/Xcode.app/Contents/Developer/Platforms/MacOSX.platform/Developer/SDKs/MacOSX10.11.sdk -L/Users/zuziakaxel/Development/Geant4/projects/fh/CMakeFiles/3.4.1/CompilerIdC -F/Users/zuziakaxel/Development/Geant4/projects/fh/CMakeFiles/3.4.1/CompilerIdC -filelist /Users/zuziakaxel/Development/Geant4/projects/fh/CMakeFiles/3.4.1/CompilerIdC/CompilerIdC.build/Debug/CompilerIdC.build/Objects-normal/x86_64/CompilerIdC.LinkFileList -mmacosx-version-min=10.11 -Xlinker -dependency_info -Xlinker /Users/zuziakaxel/Development/Geant4/projects/fh/CMakeFiles/3.4.1/CompilerIdC/CompilerIdC.build/Debug/CompilerIdC.build/Objects-normal/x86_64/CompilerIdC_dependency_info.dat -o /Users/zuziakaxel/Development/Geant4/projects/fh/CMakeFiles/3.4.1/CompilerIdC/CompilerIdC

PhaseScriptExecution Run\ Script CompilerIdC.build/Debug/CompilerIdC.build/Script-2C8FEB8E15DC1A1A00E56A5D.sh
    cd /Users/zuziakaxel/Development/Geant4/projects/fh/CMakeFiles/3.4.1/CompilerIdC
    /bin/sh -c /Users/zuziakaxel/Development/Geant4/projects/fh/CMakeFiles/3.4.1/CompilerIdC/CompilerIdC.build/Debug/CompilerIdC.build/Script-2C8FEB8E15DC1A1A00E56A5D.sh
GCC_VERSION=com.apple.compilers.llvm.clang.1_0

** BUILD SUCCEEDED **



Compilation of the C compiler identification source "CMakeCCompilerId.c" produced "CompilerIdC"

The C compiler identification is AppleClang, found in "/Users/zuziakaxel/Development/Geant4/projects/fh/CMakeFiles/3.4.1/CompilerIdC/CompilerIdC"

Compiling the CXX compiler identification source file "CMakeCXXCompilerId.cpp" succeeded.
Compiler:  
Build flags: 
Id flags: 

The output was:
0
2015-12-12 17:40:15.204 xcodebuild[54492:1476603] [MT] PluginLoading: Required plug-in compatibility UUID 7265231C-39B4-402C-89E1-16167C4CC990 for plug-in at path '~/Library/Application Support/Developer/Shared/Xcode/Plug-ins/RealmBrowser.xcplugin' not present in DVTPlugInCompatibilityUUIDs
=== BUILD TARGET CompilerIdCXX OF PROJECT CompilerIdCXX WITH THE DEFAULT CONFIGURATION (Debug) ===

Check dependencies

Write auxiliary files
/bin/mkdir -p /Users/zuziakaxel/Development/Geant4/projects/fh/CMakeFiles/3.4.1/CompilerIdCXX/CompilerIdCXX.build/Debug/CompilerIdCXX.build/Objects-normal/x86_64
write-file /Users/zuziakaxel/Development/Geant4/projects/fh/CMakeFiles/3.4.1/CompilerIdCXX/CompilerIdCXX.build/Debug/CompilerIdCXX.build/Objects-normal/x86_64/CompilerIdCXX.LinkFileList
write-file /Users/zuziakaxel/Development/Geant4/projects/fh/CMakeFiles/3.4.1/CompilerIdCXX/CompilerIdCXX.build/Debug/CompilerIdCXX.build/Script-2C8FEB8E15DC1A1A00E56A5D.sh
chmod 0755 /Users/zuziakaxel/Development/Geant4/projects/fh/CMakeFiles/3.4.1/CompilerIdCXX/CompilerIdCXX.build/Debug/CompilerIdCXX.build/Script-2C8FEB8E15DC1A1A00E56A5D.sh
write-file /Users/zuziakaxel/Development/Geant4/projects/fh/CMakeFiles/3.4.1/CompilerIdCXX/CompilerIdCXX.build/Debug/CompilerIdCXX.build/CompilerIdCXX.hmap

CompileC CompilerIdCXX.build/Debug/CompilerIdCXX.build/Objects-normal/x86_64/CMakeCXXCompilerId.o CMakeCXXCompilerId.cpp normal x86_64 c++ com.apple.compilers.llvm.clang.1_0.compiler
    cd /Users/zuziakaxel/Development/Geant4/projects/fh/CMakeFiles/3.4.1/CompilerIdCXX
    export LANG=en_US.US-ASCII
    /Applications/Xcode.app/Contents/Developer/Toolchains/XcodeDefault.xctoolchain/usr/bin/clang -x c++ -arch x86_64 -fmessage-length=0 -fdiagnostics-show-note-include-stack -fmacro-backtrace-limit=0 -Wno-trigraphs -fpascal-strings -Os -Wno-missing-field-initializers -Wno-missing-prototypes -Wno-return-type -Wno-non-virtual-dtor -Wno-overloaded-virtual -Wno-exit-time-destructors -Wno-missing-braces -Wparentheses -Wswitch -Wno-unused-function -Wno-unused-label -Wno-unused-parameter -Wno-unused-variable -Wunused-value -Wno-empty-body -Wno-uninitialized -Wno-unknown-pragmas -Wno-shadow -Wno-four-char-constants -Wno-conversion -Wno-constant-conversion -Wno-int-conversion -Wno-bool-conversion -Wno-enum-conversion -Wno-shorten-64-to-32 -Wno-newline-eof -Wno-c++11-extensions -isysroot /Applications/Xcode.app/Contents/Developer/Platforms/MacOSX.platform/Developer/SDKs/MacOSX10.11.sdk -fasm-blocks -fstrict-aliasing -Wdeprecated-declarations -Winvalid-offsetof -mmacosx-version-min=10.11 -g -fvisibility=hidden -fvisibility-inlines-hidden -Wno-sign-conversion -I/Users/zuziakaxel/Development/Geant4/projects/fh/CMakeFiles/3.4.1/CompilerIdCXX/CompilerIdCXX.build/Debug/CompilerIdCXX.build/CompilerIdCXX.hmap -I/Users/zuziakaxel/Development/Geant4/projects/fh/CMakeFiles/3.4.1/CompilerIdCXX/include -I/Users/zuziakaxel/Development/Geant4/projects/fh/CMakeFiles/3.4.1/CompilerIdCXX/CompilerIdCXX.build/Debug/CompilerIdCXX.build/DerivedSources/x86_64 -I/Users/zuziakaxel/Development/Geant4/projects/fh/CMakeFiles/3.4.1/CompilerIdCXX/CompilerIdCXX.build/Debug/CompilerIdCXX.build/DerivedSources -F/Users/zuziakaxel/Development/Geant4/projects/fh/CMakeFiles/3.4.1/CompilerIdCXX -MMD -MT dependencies -MF /Users/zuziakaxel/Development/Geant4/projects/fh/CMakeFiles/3.4.1/CompilerIdCXX/CompilerIdCXX.build/Debug/CompilerIdCXX.build/Objects-normal/x86_64/CMakeCXXCompilerId.d --serialize-diagnostics /Users/zuziakaxel/Development/Geant4/projects/fh/CMakeFiles/3.4.1/CompilerIdCXX/CompilerIdCXX.build/Debug/CompilerIdCXX.build/Objects-normal/x86_64/CMakeCXXCompilerId.dia -c /Users/zuziakaxel/Development/Geant4/projects/fh/CMakeFiles/3.4.1/CompilerIdCXX/CMakeCXXCompilerId.cpp -o /Users/zuziakaxel/Development/Geant4/projects/fh/CMakeFiles/3.4.1/CompilerIdCXX/CompilerIdCXX.build/Debug/CompilerIdCXX.build/Objects-normal/x86_64/CMakeCXXCompilerId.o

Ld CompilerIdCXX normal x86_64
    cd /Users/zuziakaxel/Development/Geant4/projects/fh/CMakeFiles/3.4.1/CompilerIdCXX
    export MACOSX_DEPLOYMENT_TARGET=10.11
    /Applications/Xcode.app/Contents/Developer/Toolchains/XcodeDefault.xctoolchain/usr/bin/clang++ -arch x86_64 -isysroot /Applications/Xcode.app/Contents/Developer/Platforms/MacOSX.platform/Developer/SDKs/MacOSX10.11.sdk -L/Users/zuziakaxel/Development/Geant4/projects/fh/CMakeFiles/3.4.1/CompilerIdCXX -F/Users/zuziakaxel/Development/Geant4/projects/fh/CMakeFiles/3.4.1/CompilerIdCXX -filelist /Users/zuziakaxel/Development/Geant4/projects/fh/CMakeFiles/3.4.1/CompilerIdCXX/CompilerIdCXX.build/Debug/CompilerIdCXX.build/Objects-normal/x86_64/CompilerIdCXX.LinkFileList -mmacosx-version-min=10.11 -Xlinker -dependency_info -Xlinker /Users/zuziakaxel/Development/Geant4/projects/fh/CMakeFiles/3.4.1/CompilerIdCXX/CompilerIdCXX.build/Debug/CompilerIdCXX.build/Objects-normal/x86_64/CompilerIdCXX_dependency_info.dat -o /Users/zuziakaxel/Development/Geant4/projects/fh/CMakeFiles/3.4.1/CompilerIdCXX/CompilerIdCXX

PhaseScriptExecution Run\ Script CompilerIdCXX.build/Debug/CompilerIdCXX.build/Script-2C8FEB8E15DC1A1A00E56A5D.sh
    cd /Users/zuziakaxel/Development/Geant4/projects/fh/CMakeFiles/3.4.1/CompilerIdCXX
    /bin/sh -c /Users/zuziakaxel/Development/Geant4/projects/fh/CMakeFiles/3.4.1/CompilerIdCXX/CompilerIdCXX.build/Debug/CompilerIdCXX.build/Script-2C8FEB8E15DC1A1A00E56A5D.sh
GCC_VERSION=com.apple.compilers.llvm.clang.1_0

** BUILD SUCCEEDED **



Compilation of the CXX compiler identification source "CMakeCXXCompilerId.cpp" produced "CompilerIdCXX"

The CXX compiler identification is AppleClang, found in "/Users/zuziakaxel/Development/Geant4/projects/fh/CMakeFiles/3.4.1/CompilerIdCXX/CompilerIdCXX"

Determining if the C compiler works passed with the following output:
Change Dir: /Users/zuziakaxel/Development/Geant4/projects/fh/CMakeFiles/CMakeTmp

Run Build Command:"/usr/bin/xcodebuild" "-project" "CMAKE_TRY_COMPILE.xcodeproj" "build" "-target" "cmTC_6e9c2" "-configuration" "Debug"
2015-12-12 17:40:16.154 xcodebuild[54508:1476652] [MT] PluginLoading: Required plug-in compatibility UUID 7265231C-39B4-402C-89E1-16167C4CC990 for plug-in at path '~/Library/Application Support/Developer/Shared/Xcode/Plug-ins/RealmBrowser.xcplugin' not present in DVTPlugInCompatibilityUUIDs
=== BUILD TARGET cmTC_6e9c2 OF PROJECT CMAKE_TRY_COMPILE WITH CONFIGURATION Debug ===

Check dependencies

Write auxiliary files
/bin/mkdir -p /Users/zuziakaxel/Development/Geant4/projects/fh/CMakeFiles/CMakeTmp/CMAKE_TRY_COMPILE.build/Debug/cmTC_6e9c2.build/Objects-normal/x86_64
write-file /Users/zuziakaxel/Development/Geant4/projects/fh/CMakeFiles/CMakeTmp/CMAKE_TRY_COMPILE.build/Debug/cmTC_6e9c2.build/Objects-normal/x86_64/cmTC_6e9c2.LinkFileList

CompileC CMAKE_TRY_COMPILE.build/Debug/cmTC_6e9c2.build/Objects-normal/x86_64/testCCompiler.o testCCompiler.c normal x86_64 c com.apple.compilers.llvm.clang.1_0.compiler
    cd /Users/zuziakaxel/Development/Geant4/projects/fh/CMakeFiles/CMakeTmp
    export LANG=en_US.US-ASCII
    /Applications/Xcode.app/Contents/Developer/Toolchains/XcodeDefault.xctoolchain/usr/bin/clang -x c -arch x86_64 -fmessage-length=0 -fdiagnostics-show-note-include-stack -fmacro-backtrace-limit=0 -Wno-trigraphs -fpascal-strings -O0 -Wno-missing-field-initializers -Wno-missing-prototypes -Wno-return-type -Wno-missing-braces -Wparentheses -Wswitch -Wno-unused-function -Wno-unused-label -Wno-unused-parameter -Wno-unused-variable -Wunused-value -Wno-empty-body -Wno-uninitialized -Wno-unknown-pragmas -Wno-shadow -Wno-four-char-constants -Wno-conversion -Wno-constant-conversion -Wno-int-conversion -Wno-bool-conversion -Wno-enum-conversion -Wno-shorten-64-to-32 -Wpointer-sign -Wno-newline-eof -DCMAKE_INTDIR=\"Debug\" -isysroot /Applications/Xcode.app/Contents/Developer/Platforms/MacOSX.platform/Developer/SDKs/MacOSX10.11.sdk -fasm-blocks -fstrict-aliasing -Wdeprecated-declarations -mmacosx-version-min=10.11 -g -Wno-sign-conversion -I/Users/zuziakaxel/Development/Geant4/projects/fh/CMakeFiles/CMakeTmp/Debug/include -I/Users/zuziakaxel/Development/Geant4/projects/fh/CMakeFiles/CMakeTmp/CMAKE_TRY_COMPILE.build/Debug/cmTC_6e9c2.build/DerivedSources/x86_64 -I/Users/zuziakaxel/Development/Geant4/projects/fh/CMakeFiles/CMakeTmp/CMAKE_TRY_COMPILE.build/Debug/cmTC_6e9c2.build/DerivedSources -Wmost -Wno-four-char-constants -Wno-unknown-pragmas -F/Users/zuziakaxel/Development/Geant4/projects/fh/CMakeFiles/CMakeTmp/Debug -MMD -MT dependencies -MF /Users/zuziakaxel/Development/Geant4/projects/fh/CMakeFiles/CMakeTmp/CMAKE_TRY_COMPILE.build/Debug/cmTC_6e9c2.build/Objects-normal/x86_64/testCCompiler.d --serialize-diagnostics /Users/zuziakaxel/Development/Geant4/projects/fh/CMakeFiles/CMakeTmp/CMAKE_TRY_COMPILE.build/Debug/cmTC_6e9c2.build/Objects-normal/x86_64/testCCompiler.dia -c /Users/zuziakaxel/Development/Geant4/projects/fh/CMakeFiles/CMakeTmp/testCCompiler.c -o /Users/zuziakaxel/Development/Geant4/projects/fh/CMakeFiles/CMakeTmp/CMAKE_TRY_COMPILE.build/Debug/cmTC_6e9c2.build/Objects-normal/x86_64/testCCompiler.o

Ld Debug/cmTC_6e9c2 normal x86_64
    cd /Users/zuziakaxel/Development/Geant4/projects/fh/CMakeFiles/CMakeTmp
    export MACOSX_DEPLOYMENT_TARGET=10.11
    /Applications/Xcode.app/Contents/Developer/Toolchains/XcodeDefault.xctoolchain/usr/bin/clang -arch x86_64 -isysroot /Applications/Xcode.app/Contents/Developer/Platforms/MacOSX.platform/Developer/SDKs/MacOSX10.11.sdk -L/Users/zuziakaxel/Development/Geant4/projects/fh/CMakeFiles/CMakeTmp/Debug -F/Users/zuziakaxel/Development/Geant4/projects/fh/CMakeFiles/CMakeTmp/Debug -filelist /Users/zuziakaxel/Development/Geant4/projects/fh/CMakeFiles/CMakeTmp/CMAKE_TRY_COMPILE.build/Debug/cmTC_6e9c2.build/Objects-normal/x86_64/cmTC_6e9c2.LinkFileList -mmacosx-version-min=10.11 -Wl,-search_paths_first -Wl,-headerpad_max_install_names -Xlinker -dependency_info -Xlinker /Users/zuziakaxel/Development/Geant4/projects/fh/CMakeFiles/CMakeTmp/CMAKE_TRY_COMPILE.build/Debug/cmTC_6e9c2.build/Objects-normal/x86_64/cmTC_6e9c2_dependency_info.dat -o /Users/zuziakaxel/Development/Geant4/projects/fh/CMakeFiles/CMakeTmp/Debug/cmTC_6e9c2

** BUILD SUCCEEDED **



Detecting C compiler ABI info compiled with the following output:
Change Dir: /Users/zuziakaxel/Development/Geant4/projects/fh/CMakeFiles/CMakeTmp

Run Build Command:"/usr/bin/xcodebuild" "-project" "CMAKE_TRY_COMPILE.xcodeproj" "build" "-target" "cmTC_7942d" "-configuration" "Debug"
2015-12-12 17:40:17.049 xcodebuild[54523:1476696] [MT] PluginLoading: Required plug-in compatibility UUID 7265231C-39B4-402C-89E1-16167C4CC990 for plug-in at path '~/Library/Application Support/Developer/Shared/Xcode/Plug-ins/RealmBrowser.xcplugin' not present in DVTPlugInCompatibilityUUIDs
=== BUILD TARGET cmTC_7942d OF PROJECT CMAKE_TRY_COMPILE WITH CONFIGURATION Debug ===

Check dependencies

Write auxiliary files
/bin/mkdir -p /Users/zuziakaxel/Development/Geant4/projects/fh/CMakeFiles/CMakeTmp/CMAKE_TRY_COMPILE.build/Debug/cmTC_7942d.build/Objects-normal/x86_64
write-file /Users/zuziakaxel/Development/Geant4/projects/fh/CMakeFiles/CMakeTmp/CMAKE_TRY_COMPILE.build/Debug/cmTC_7942d.build/Objects-normal/x86_64/cmTC_7942d.LinkFileList

CompileC CMAKE_TRY_COMPILE.build/Debug/cmTC_7942d.build/Objects-normal/x86_64/CMakeCCompilerABI.o /opt/local/share/cmake-3.4/Modules/CMakeCCompilerABI.c normal x86_64 c com.apple.compilers.llvm.clang.1_0.compiler
    cd /Users/zuziakaxel/Development/Geant4/projects/fh/CMakeFiles/CMakeTmp
    export LANG=en_US.US-ASCII
    /Applications/Xcode.app/Contents/Developer/Toolchains/XcodeDefault.xctoolchain/usr/bin/clang -x c -arch x86_64 -fmessage-length=0 -fdiagnostics-show-note-include-stack -fmacro-backtrace-limit=0 -Wno-trigraphs -fpascal-strings -O0 -Wno-missing-field-initializers -Wno-missing-prototypes -Wno-return-type -Wno-missing-braces -Wparentheses -Wswitch -Wno-unused-function -Wno-unused-label -Wno-unused-parameter -Wno-unused-variable -Wunused-value -Wno-empty-body -Wno-uninitialized -Wno-unknown-pragmas -Wno-shadow -Wno-four-char-constants -Wno-conversion -Wno-constant-conversion -Wno-int-conversion -Wno-bool-conversion -Wno-enum-conversion -Wno-shorten-64-to-32 -Wpointer-sign -Wno-newline-eof -DCMAKE_INTDIR=\"Debug\" -isysroot /Applications/Xcode.app/Contents/Developer/Platforms/MacOSX.platform/Developer/SDKs/MacOSX10.11.sdk -fasm-blocks -fstrict-aliasing -Wdeprecated-declarations -mmacosx-version-min=10.11 -g -Wno-sign-conversion -I/Users/zuziakaxel/Development/Geant4/projects/fh/CMakeFiles/CMakeTmp/Debug/include -I/Users/zuziakaxel/Development/Geant4/projects/fh/CMakeFiles/CMakeTmp/CMAKE_TRY_COMPILE.build/Debug/cmTC_7942d.build/DerivedSources/x86_64 -I/Users/zuziakaxel/Development/Geant4/projects/fh/CMakeFiles/CMakeTmp/CMAKE_TRY_COMPILE.build/Debug/cmTC_7942d.build/DerivedSources -Wmost -Wno-four-char-constants -Wno-unknown-pragmas -F/Users/zuziakaxel/Development/Geant4/projects/fh/CMakeFiles/CMakeTmp/Debug -MMD -MT dependencies -MF /Users/zuziakaxel/Development/Geant4/projects/fh/CMakeFiles/CMakeTmp/CMAKE_TRY_COMPILE.build/Debug/cmTC_7942d.build/Objects-normal/x86_64/CMakeCCompilerABI.d --serialize-diagnostics /Users/zuziakaxel/Development/Geant4/projects/fh/CMakeFiles/CMakeTmp/CMAKE_TRY_COMPILE.build/Debug/cmTC_7942d.build/Objects-normal/x86_64/CMakeCCompilerABI.dia -c /opt/local/share/cmake-3.4/Modules/CMakeCCompilerABI.c -o /Users/zuziakaxel/Development/Geant4/projects/fh/CMakeFiles/CMakeTmp/CMAKE_TRY_COMPILE.build/Debug/cmTC_7942d.build/Objects-normal/x86_64/CMakeCCompilerABI.o

Ld Debug/cmTC_7942d normal x86_64
    cd /Users/zuziakaxel/Development/Geant4/projects/fh/CMakeFiles/CMakeTmp
    export MACOSX_DEPLOYMENT_TARGET=10.11
    /Applications/Xcode.app/Contents/Developer/Toolchains/XcodeDefault.xctoolchain/usr/bin/clang -arch x86_64 -isysroot /Applications/Xcode.app/Contents/Developer/Platforms/MacOSX.platform/Developer/SDKs/MacOSX10.11.sdk -L/Users/zuziakaxel/Development/Geant4/projects/fh/CMakeFiles/CMakeTmp/Debug -F/Users/zuziakaxel/Development/Geant4/projects/fh/CMakeFiles/CMakeTmp/Debug -filelist /Users/zuziakaxel/Development/Geant4/projects/fh/CMakeFiles/CMakeTmp/CMAKE_TRY_COMPILE.build/Debug/cmTC_7942d.build/Objects-normal/x86_64/cmTC_7942d.LinkFileList -mmacosx-version-min=10.11 -v -Wl,-v -Wl,-search_paths_first -Wl,-headerpad_max_install_names -Xlinker -dependency_info -Xlinker /Users/zuziakaxel/Development/Geant4/projects/fh/CMakeFiles/CMakeTmp/CMAKE_TRY_COMPILE.build/Debug/cmTC_7942d.build/Objects-normal/x86_64/cmTC_7942d_dependency_info.dat -o /Users/zuziakaxel/Development/Geant4/projects/fh/CMakeFiles/CMakeTmp/Debug/cmTC_7942d
Apple LLVM version 7.0.0 (clang-700.1.76)
Target: x86_64-apple-darwin15.0.0
Thread model: posix
 "/Applications/Xcode.app/Contents/Developer/Toolchains/XcodeDefault.xctoolchain/usr/bin/ld" -demangle -dynamic -arch x86_64 -macosx_version_min 10.11.0 -syslibroot /Applications/Xcode.app/Contents/Developer/Platforms/MacOSX.platform/Developer/SDKs/MacOSX10.11.sdk -o /Users/zuziakaxel/Development/Geant4/projects/fh/CMakeFiles/CMakeTmp/Debug/cmTC_7942d -L/Users/zuziakaxel/Development/Geant4/projects/fh/CMakeFiles/CMakeTmp/Debug -filelist /Users/zuziakaxel/Development/Geant4/projects/fh/CMakeFiles/CMakeTmp/CMAKE_TRY_COMPILE.build/Debug/cmTC_7942d.build/Objects-normal/x86_64/cmTC_7942d.LinkFileList -v -search_paths_first -headerpad_max_install_names -dependency_info /Users/zuziakaxel/Development/Geant4/projects/fh/CMakeFiles/CMakeTmp/CMAKE_TRY_COMPILE.build/Debug/cmTC_7942d.build/Objects-normal/x86_64/cmTC_7942d_dependency_info.dat -lSystem /Applications/Xcode.app/Contents/Developer/Toolchains/XcodeDefault.xctoolchain/usr/bin/../lib/clang/7.0.0/lib/darwin/libclang_rt.osx.a -F/Users/zuziakaxel/Development/Geant4/projects/fh/CMakeFiles/CMakeTmp/Debug
@(#)PROGRAM:ld  PROJECT:ld64-253.6
configured to support archs: armv6 armv7 armv7s arm64 i386 x86_64 x86_64h armv6m armv7k armv7m armv7em (tvOS)
Library search paths:
	/Users/zuziakaxel/Development/Geant4/projects/fh/CMakeFiles/CMakeTmp/Debug
	/Applications/Xcode.app/Contents/Developer/Platforms/MacOSX.platform/Developer/SDKs/MacOSX10.11.sdk/usr/lib
Framework search paths:
	/Users/zuziakaxel/Development/Geant4/projects/fh/CMakeFiles/CMakeTmp/Debug
	/Applications/Xcode.app/Contents/Developer/Platforms/MacOSX.platform/Developer/SDKs/MacOSX10.11.sdk/System/Library/Frameworks/

** BUILD SUCCEEDED **



Parsed C implicit link information from above output:
  link line regex: [^( *|.*[/\])(ld|([^/\]+-)?ld|collect2)[^/\]*( |$)]
  ignore line: [Change Dir: /Users/zuziakaxel/Development/Geant4/projects/fh/CMakeFiles/CMakeTmp]
  ignore line: []
  ignore line: [Run Build Command:"/usr/bin/xcodebuild" "-project" "CMAKE_TRY_COMPILE.xcodeproj" "build" "-target" "cmTC_7942d" "-configuration" "Debug"]
  ignore line: [2015-12-12 17:40:17.049 xcodebuild[54523:1476696] [MT] PluginLoading: Required plug-in compatibility UUID 7265231C-39B4-402C-89E1-16167C4CC990 for plug-in at path '~/Library/Application Support/Developer/Shared/Xcode/Plug-ins/RealmBrowser.xcplugin' not present in DVTPlugInCompatibilityUUIDs]
  ignore line: [=== BUILD TARGET cmTC_7942d OF PROJECT CMAKE_TRY_COMPILE WITH CONFIGURATION Debug ===]
  ignore line: []
  ignore line: [Check dependencies]
  ignore line: []
  ignore line: [Write auxiliary files]
  ignore line: [/bin/mkdir -p /Users/zuziakaxel/Development/Geant4/projects/fh/CMakeFiles/CMakeTmp/CMAKE_TRY_COMPILE.build/Debug/cmTC_7942d.build/Objects-normal/x86_64]
  ignore line: [write-file /Users/zuziakaxel/Development/Geant4/projects/fh/CMakeFiles/CMakeTmp/CMAKE_TRY_COMPILE.build/Debug/cmTC_7942d.build/Objects-normal/x86_64/cmTC_7942d.LinkFileList]
  ignore line: []
  ignore line: [CompileC CMAKE_TRY_COMPILE.build/Debug/cmTC_7942d.build/Objects-normal/x86_64/CMakeCCompilerABI.o /opt/local/share/cmake-3.4/Modules/CMakeCCompilerABI.c normal x86_64 c com.apple.compilers.llvm.clang.1_0.compiler]
  ignore line: [    cd /Users/zuziakaxel/Development/Geant4/projects/fh/CMakeFiles/CMakeTmp]
  ignore line: [    export LANG=en_US.US-ASCII]
  ignore line: [    /Applications/Xcode.app/Contents/Developer/Toolchains/XcodeDefault.xctoolchain/usr/bin/clang -x c -arch x86_64 -fmessage-length=0 -fdiagnostics-show-note-include-stack -fmacro-backtrace-limit=0 -Wno-trigraphs -fpascal-strings -O0 -Wno-missing-field-initializers -Wno-missing-prototypes -Wno-return-type -Wno-missing-braces -Wparentheses -Wswitch -Wno-unused-function -Wno-unused-label -Wno-unused-parameter -Wno-unused-variable -Wunused-value -Wno-empty-body -Wno-uninitialized -Wno-unknown-pragmas -Wno-shadow -Wno-four-char-constants -Wno-conversion -Wno-constant-conversion -Wno-int-conversion -Wno-bool-conversion -Wno-enum-conversion -Wno-shorten-64-to-32 -Wpointer-sign -Wno-newline-eof -DCMAKE_INTDIR=\"Debug\" -isysroot /Applications/Xcode.app/Contents/Developer/Platforms/MacOSX.platform/Developer/SDKs/MacOSX10.11.sdk -fasm-blocks -fstrict-aliasing -Wdeprecated-declarations -mmacosx-version-min=10.11 -g -Wno-sign-conversion -I/Users/zuziakaxel/Development/Geant4/projects/fh/CMakeFiles/CMakeTmp/Debug/include -I/Users/zuziakaxel/Development/Geant4/projects/fh/CMakeFiles/CMakeTmp/CMAKE_TRY_COMPILE.build/Debug/cmTC_7942d.build/DerivedSources/x86_64 -I/Users/zuziakaxel/Development/Geant4/projects/fh/CMakeFiles/CMakeTmp/CMAKE_TRY_COMPILE.build/Debug/cmTC_7942d.build/DerivedSources -Wmost -Wno-four-char-constants -Wno-unknown-pragmas -F/Users/zuziakaxel/Development/Geant4/projects/fh/CMakeFiles/CMakeTmp/Debug -MMD -MT dependencies -MF /Users/zuziakaxel/Development/Geant4/projects/fh/CMakeFiles/CMakeTmp/CMAKE_TRY_COMPILE.build/Debug/cmTC_7942d.build/Objects-normal/x86_64/CMakeCCompilerABI.d --serialize-diagnostics /Users/zuziakaxel/Development/Geant4/projects/fh/CMakeFiles/CMakeTmp/CMAKE_TRY_COMPILE.build/Debug/cmTC_7942d.build/Objects-normal/x86_64/CMakeCCompilerABI.dia -c /opt/local/share/cmake-3.4/Modules/CMakeCCompilerABI.c -o /Users/zuziakaxel/Development/Geant4/projects/fh/CMakeFiles/CMakeTmp/CMAKE_TRY_COMPILE.build/Debug/cmTC_7942d.build/Objects-normal/x86_64/CMakeCCompilerABI.o]
  ignore line: []
  ignore line: [Ld Debug/cmTC_7942d normal x86_64]
  ignore line: [    cd /Users/zuziakaxel/Development/Geant4/projects/fh/CMakeFiles/CMakeTmp]
  ignore line: [    export MACOSX_DEPLOYMENT_TARGET=10.11]
  ignore line: [    /Applications/Xcode.app/Contents/Developer/Toolchains/XcodeDefault.xctoolchain/usr/bin/clang -arch x86_64 -isysroot /Applications/Xcode.app/Contents/Developer/Platforms/MacOSX.platform/Developer/SDKs/MacOSX10.11.sdk -L/Users/zuziakaxel/Development/Geant4/projects/fh/CMakeFiles/CMakeTmp/Debug -F/Users/zuziakaxel/Development/Geant4/projects/fh/CMakeFiles/CMakeTmp/Debug -filelist /Users/zuziakaxel/Development/Geant4/projects/fh/CMakeFiles/CMakeTmp/CMAKE_TRY_COMPILE.build/Debug/cmTC_7942d.build/Objects-normal/x86_64/cmTC_7942d.LinkFileList -mmacosx-version-min=10.11 -v -Wl,-v -Wl,-search_paths_first -Wl,-headerpad_max_install_names -Xlinker -dependency_info -Xlinker /Users/zuziakaxel/Development/Geant4/projects/fh/CMakeFiles/CMakeTmp/CMAKE_TRY_COMPILE.build/Debug/cmTC_7942d.build/Objects-normal/x86_64/cmTC_7942d_dependency_info.dat -o /Users/zuziakaxel/Development/Geant4/projects/fh/CMakeFiles/CMakeTmp/Debug/cmTC_7942d]
  ignore line: [Apple LLVM version 7.0.0 (clang-700.1.76)]
  ignore line: [Target: x86_64-apple-darwin15.0.0]
  ignore line: [Thread model: posix]
  reduced line: [ "/Applications/Xcode.app/Contents/Developer/Toolchains/XcodeDefault.xctoolchain/usr/bin/ld" -demangle -dynamic -arch x86_64 -macosx_version_min 10.11.0 -syslibroot /Applications/Xcode.app/Contents/Developer/Platforms/MacOSX.platform/Developer/SDKs/MacOSX10.11.sdk -o /Users/zuziakaxel/Development/Geant4/projects/fh/CMakeFiles/CMakeTmp/Debug/cmTC_7942d -L/Users/zuziakaxel/Development/Geant4/projects/fh/CMakeFiles/CMakeTmp/Debug -filelist /Users/zuziakaxel/Development/Geant4/projects/fh/CMakeFiles/CMakeTmp/CMAKE_TRY_COMPILE.build/Debug/cmTC_7942d.build/Objects-normal/x86_64/cmTC_7942d.LinkFileList -v -search_paths_first -headerpad_max_install_names -dependency_info /Users/zuziakaxel/Development/Geant4/projects/fh/CMakeFiles/CMakeTmp/CMAKE_TRY_COMPILE.build/Debug/cmTC_7942d.build/Objects-normal/x86_64/cmTC_7942d_dependency_info.dat -lSystem /Applications/Xcode.app/Contents/Developer/Toolchains/XcodeDefault.xctoolchain/usr/bin/../lib/clang/7.0.0/lib/darwin/libclang_rt.osx.a -F/Users/zuziakaxel/Development/Geant4/projects/fh/CMakeFiles/CMakeTmp/Debug]
            to: [ "/Applications/Xcode.app/Contents/Developer/Toolchains/XcodeDefault.xctoolchain/usr/bin/ld" -demangle -dynamic -arch x86_64 -macosx_version_min 10.11.0 -syslibroot /Applications/Xcode.app/Contents/Developer/Platforms/MacOSX.platform/Developer/SDKs/MacOSX10.11.sdk -o /Users/zuziakaxel/Development/Geant4/projects/fh/CMakeFiles/CMakeTmp/Debug/cmTC_7942d -filelist /Users/zuziakaxel/Development/Geant4/projects/fh/CMakeFiles/CMakeTmp/CMAKE_TRY_COMPILE.build/Debug/cmTC_7942d.build/Objects-normal/x86_64/cmTC_7942d.LinkFileList -v -search_paths_first -headerpad_max_install_names -dependency_info /Users/zuziakaxel/Development/Geant4/projects/fh/CMakeFiles/CMakeTmp/CMAKE_TRY_COMPILE.build/Debug/cmTC_7942d.build/Objects-normal/x86_64/cmTC_7942d_dependency_info.dat -lSystem /Applications/Xcode.app/Contents/Developer/Toolchains/XcodeDefault.xctoolchain/usr/bin/../lib/clang/7.0.0/lib/darwin/libclang_rt.osx.a ]
  link line: [ "/Applications/Xcode.app/Contents/Developer/Toolchains/XcodeDefault.xctoolchain/usr/bin/ld" -demangle -dynamic -arch x86_64 -macosx_version_min 10.11.0 -syslibroot /Applications/Xcode.app/Contents/Developer/Platforms/MacOSX.platform/Developer/SDKs/MacOSX10.11.sdk -o /Users/zuziakaxel/Development/Geant4/projects/fh/CMakeFiles/CMakeTmp/Debug/cmTC_7942d -filelist /Users/zuziakaxel/Development/Geant4/projects/fh/CMakeFiles/CMakeTmp/CMAKE_TRY_COMPILE.build/Debug/cmTC_7942d.build/Objects-normal/x86_64/cmTC_7942d.LinkFileList -v -search_paths_first -headerpad_max_install_names -dependency_info /Users/zuziakaxel/Development/Geant4/projects/fh/CMakeFiles/CMakeTmp/CMAKE_TRY_COMPILE.build/Debug/cmTC_7942d.build/Objects-normal/x86_64/cmTC_7942d_dependency_info.dat -lSystem /Applications/Xcode.app/Contents/Developer/Toolchains/XcodeDefault.xctoolchain/usr/bin/../lib/clang/7.0.0/lib/darwin/libclang_rt.osx.a ]
    arg [/Applications/Xcode.app/Contents/Developer/Toolchains/XcodeDefault.xctoolchain/usr/bin/ld] ==> ignore
    arg [-demangle] ==> ignore
    arg [-dynamic] ==> ignore
    arg [-arch] ==> ignore
    arg [x86_64] ==> ignore
    arg [-macosx_version_min] ==> ignore
    arg [10.11.0] ==> ignore
    arg [-syslibroot] ==> ignore
    arg [/Applications/Xcode.app/Contents/Developer/Platforms/MacOSX.platform/Developer/SDKs/MacOSX10.11.sdk] ==> ignore
    arg [-o] ==> ignore
    arg [/Users/zuziakaxel/Development/Geant4/projects/fh/CMakeFiles/CMakeTmp/Debug/cmTC_7942d] ==> ignore
    arg [-filelist] ==> ignore
    arg [/Users/zuziakaxel/Development/Geant4/projects/fh/CMakeFiles/CMakeTmp/CMAKE_TRY_COMPILE.build/Debug/cmTC_7942d.build/Objects-normal/x86_64/cmTC_7942d.LinkFileList] ==> ignore
    arg [-v] ==> ignore
    arg [-search_paths_first] ==> ignore
    arg [-headerpad_max_install_names] ==> ignore
    arg [-dependency_info] ==> ignore
    arg [/Users/zuziakaxel/Development/Geant4/projects/fh/CMakeFiles/CMakeTmp/CMAKE_TRY_COMPILE.build/Debug/cmTC_7942d.build/Objects-normal/x86_64/cmTC_7942d_dependency_info.dat] ==> ignore
    arg [-lSystem] ==> lib [System]
    arg [/Applications/Xcode.app/Contents/Developer/Toolchains/XcodeDefault.xctoolchain/usr/bin/../lib/clang/7.0.0/lib/darwin/libclang_rt.osx.a] ==> lib [/Applications/Xcode.app/Contents/Developer/Toolchains/XcodeDefault.xctoolchain/usr/bin/../lib/clang/7.0.0/lib/darwin/libclang_rt.osx.a]
  Library search paths: [;/Users/zuziakaxel/Development/Geant4/projects/fh/CMakeFiles/CMakeTmp/Debug;/Applications/Xcode.app/Contents/Developer/Platforms/MacOSX.platform/Developer/SDKs/MacOSX10.11.sdk/usr/lib]
  Framework search paths: [;/Users/zuziakaxel/Development/Geant4/projects/fh/CMakeFiles/CMakeTmp/Debug;/Applications/Xcode.app/Contents/Developer/Platforms/MacOSX.platform/Developer/SDKs/MacOSX10.11.sdk/System/Library/Frameworks/]
  remove lib [System]
  collapse lib [/Applications/Xcode.app/Contents/Developer/Toolchains/XcodeDefault.xctoolchain/usr/bin/../lib/clang/7.0.0/lib/darwin/libclang_rt.osx.a] ==> [/Applications/Xcode.app/Contents/Developer/Toolchains/XcodeDefault.xctoolchain/usr/lib/clang/7.0.0/lib/darwin/libclang_rt.osx.a]
  collapse library dir [/Users/zuziakaxel/Development/Geant4/projects/fh/CMakeFiles/CMakeTmp/Debug] ==> [/Users/zuziakaxel/Development/Geant4/projects/fh/CMakeFiles/CMakeTmp/Debug], skipping non-system directory
  collapse library dir [/Applications/Xcode.app/Contents/Developer/Platforms/MacOSX.platform/Developer/SDKs/MacOSX10.11.sdk/usr/lib] ==> [/Applications/Xcode.app/Contents/Developer/Platforms/MacOSX.platform/Developer/SDKs/MacOSX10.11.sdk/usr/lib]
  collapse framework dir [/Users/zuziakaxel/Development/Geant4/projects/fh/CMakeFiles/CMakeTmp/Debug] ==> [/Users/zuziakaxel/Development/Geant4/projects/fh/CMakeFiles/CMakeTmp/Debug], skipping non-system directory
  collapse framework dir [/Applications/Xcode.app/Contents/Developer/Platforms/MacOSX.platform/Developer/SDKs/MacOSX10.11.sdk/System/Library/Frameworks/] ==> [/Applications/Xcode.app/Contents/Developer/Platforms/MacOSX.platform/Developer/SDKs/MacOSX10.11.sdk/System/Library/Frameworks]
  implicit libs: [/Applications/Xcode.app/Contents/Developer/Toolchains/XcodeDefault.xctoolchain/usr/lib/clang/7.0.0/lib/darwin/libclang_rt.osx.a]
  implicit dirs: [/Applications/Xcode.app/Contents/Developer/Platforms/MacOSX.platform/Developer/SDKs/MacOSX10.11.sdk/usr/lib]
  implicit fwks: [/Applications/Xcode.app/Contents/Developer/Platforms/MacOSX.platform/Developer/SDKs/MacOSX10.11.sdk/System/Library/Frameworks]




Detecting C [-std=c11] compiler features compiled with the following output:
Change Dir: /Users/zuziakaxel/Development/Geant4/projects/fh/CMakeFiles/CMakeTmp

Run Build Command:"/usr/bin/xcodebuild" "-project" "CMAKE_TRY_COMPILE.xcodeproj" "build" "-target" "cmTC_21718" "-configuration" "Debug"
2015-12-12 17:40:17.964 xcodebuild[54541:1476743] [MT] PluginLoading: Required plug-in compatibility UUID 7265231C-39B4-402C-89E1-16167C4CC990 for plug-in at path '~/Library/Application Support/Developer/Shared/Xcode/Plug-ins/RealmBrowser.xcplugin' not present in DVTPlugInCompatibilityUUIDs
=== BUILD TARGET cmTC_21718 OF PROJECT CMAKE_TRY_COMPILE WITH CONFIGURATION Debug ===

Check dependencies

Write auxiliary files
/bin/mkdir -p /Users/zuziakaxel/Development/Geant4/projects/fh/CMakeFiles/CMakeTmp/CMAKE_TRY_COMPILE.build/Debug/cmTC_21718.build/Objects-normal/x86_64
write-file /Users/zuziakaxel/Development/Geant4/projects/fh/CMakeFiles/CMakeTmp/CMAKE_TRY_COMPILE.build/Debug/cmTC_21718.build/Objects-normal/x86_64/cmTC_21718.LinkFileList

CompileC CMAKE_TRY_COMPILE.build/Debug/cmTC_21718.build/Objects-normal/x86_64/feature_tests.o /Users/zuziakaxel/Development/Geant4/projects/fh/CMakeFiles/feature_tests.c normal x86_64 c com.apple.compilers.llvm.clang.1_0.compiler
    cd /Users/zuziakaxel/Development/Geant4/projects/fh/CMakeFiles/CMakeTmp
    export LANG=en_US.US-ASCII
    /Applications/Xcode.app/Contents/Developer/Toolchains/XcodeDefault.xctoolchain/usr/bin/clang -x c -arch x86_64 -fmessage-length=0 -fdiagnostics-show-note-include-stack -fmacro-backtrace-limit=0 -Wno-trigraphs -fpascal-strings -O0 -Wno-missing-field-initializers -Wno-missing-prototypes -Wno-return-type -Wno-missing-braces -Wparentheses -Wswitch -Wno-unused-function -Wno-unused-label -Wno-unused-parameter -Wno-unused-variable -Wunused-value -Wno-empty-body -Wno-uninitialized -Wno-unknown-pragmas -Wno-shadow -Wno-four-char-constants -Wno-conversion -Wno-constant-conversion -Wno-int-conversion -Wno-bool-conversion -Wno-enum-conversion -Wno-shorten-64-to-32 -Wpointer-sign -Wno-newline-eof -DCMAKE_INTDIR=\"Debug\" -isysroot /Applications/Xcode.app/Contents/Developer/Platforms/MacOSX.platform/Developer/SDKs/MacOSX10.11.sdk -fasm-blocks -fstrict-aliasing -Wdeprecated-declarations -mmacosx-version-min=10.11 -g -Wno-sign-conversion -I/Users/zuziakaxel/Development/Geant4/projects/fh/CMakeFiles/CMakeTmp/Debug/include -I/Users/zuziakaxel/Development/Geant4/projects/fh/CMakeFiles/CMakeTmp/CMAKE_TRY_COMPILE.build/Debug/cmTC_21718.build/DerivedSources/x86_64 -I/Users/zuziakaxel/Development/Geant4/projects/fh/CMakeFiles/CMakeTmp/CMAKE_TRY_COMPILE.build/Debug/cmTC_21718.build/DerivedSources -Wmost -Wno-four-char-constants -Wno-unknown-pragmas -F/Users/zuziakaxel/Development/Geant4/projects/fh/CMakeFiles/CMakeTmp/Debug -std=c11 -MMD -MT dependencies -MF /Users/zuziakaxel/Development/Geant4/projects/fh/CMakeFiles/CMakeTmp/CMAKE_TRY_COMPILE.build/Debug/cmTC_21718.build/Objects-normal/x86_64/feature_tests.d --serialize-diagnostics /Users/zuziakaxel/Development/Geant4/projects/fh/CMakeFiles/CMakeTmp/CMAKE_TRY_COMPILE.build/Debug/cmTC_21718.build/Objects-normal/x86_64/feature_tests.dia -c /Users/zuziakaxel/Development/Geant4/projects/fh/CMakeFiles/feature_tests.c -o /Users/zuziakaxel/Development/Geant4/projects/fh/CMakeFiles/CMakeTmp/CMAKE_TRY_COMPILE.build/Debug/cmTC_21718.build/Objects-normal/x86_64/feature_tests.o

Ld Debug/cmTC_21718 normal x86_64
    cd /Users/zuziakaxel/Development/Geant4/projects/fh/CMakeFiles/CMakeTmp
    export MACOSX_DEPLOYMENT_TARGET=10.11
    /Applications/Xcode.app/Contents/Developer/Toolchains/XcodeDefault.xctoolchain/usr/bin/clang -arch x86_64 -isysroot /Applications/Xcode.app/Contents/Developer/Platforms/MacOSX.platform/Developer/SDKs/MacOSX10.11.sdk -L/Users/zuziakaxel/Development/Geant4/projects/fh/CMakeFiles/CMakeTmp/Debug -F/Users/zuziakaxel/Development/Geant4/projects/fh/CMakeFiles/CMakeTmp/Debug -filelist /Users/zuziakaxel/Development/Geant4/projects/fh/CMakeFiles/CMakeTmp/CMAKE_TRY_COMPILE.build/Debug/cmTC_21718.build/Objects-normal/x86_64/cmTC_21718.LinkFileList -mmacosx-version-min=10.11 -Wl,-search_paths_first -Wl,-headerpad_max_install_names -Xlinker -dependency_info -Xlinker /Users/zuziakaxel/Development/Geant4/projects/fh/CMakeFiles/CMakeTmp/CMAKE_TRY_COMPILE.build/Debug/cmTC_21718.build/Objects-normal/x86_64/cmTC_21718_dependency_info.dat -o /Users/zuziakaxel/Development/Geant4/projects/fh/CMakeFiles/CMakeTmp/Debug/cmTC_21718

** BUILD SUCCEEDED **



    Feature record: C_FEATURE:1c_function_prototypes
    Feature record: C_FEATURE:1c_restrict
    Feature record: C_FEATURE:1c_static_assert
    Feature record: C_FEATURE:1c_variadic_macros


Detecting C [-std=c99] compiler features compiled with the following output:
Change Dir: /Users/zuziakaxel/Development/Geant4/projects/fh/CMakeFiles/CMakeTmp

Run Build Command:"/usr/bin/xcodebuild" "-project" "CMAKE_TRY_COMPILE.xcodeproj" "build" "-target" "cmTC_16060" "-configuration" "Debug"
2015-12-12 17:40:18.864 xcodebuild[54556:1476800] [MT] PluginLoading: Required plug-in compatibility UUID 7265231C-39B4-402C-89E1-16167C4CC990 for plug-in at path '~/Library/Application Support/Developer/Shared/Xcode/Plug-ins/RealmBrowser.xcplugin' not present in DVTPlugInCompatibilityUUIDs
=== BUILD TARGET cmTC_16060 OF PROJECT CMAKE_TRY_COMPILE WITH CONFIGURATION Debug ===

Check dependencies

Write auxiliary files
/bin/mkdir -p /Users/zuziakaxel/Development/Geant4/projects/fh/CMakeFiles/CMakeTmp/CMAKE_TRY_COMPILE.build/Debug/cmTC_16060.build/Objects-normal/x86_64
write-file /Users/zuziakaxel/Development/Geant4/projects/fh/CMakeFiles/CMakeTmp/CMAKE_TRY_COMPILE.build/Debug/cmTC_16060.build/Objects-normal/x86_64/cmTC_16060.LinkFileList

CompileC CMAKE_TRY_COMPILE.build/Debug/cmTC_16060.build/Objects-normal/x86_64/feature_tests.o /Users/zuziakaxel/Development/Geant4/projects/fh/CMakeFiles/feature_tests.c normal x86_64 c com.apple.compilers.llvm.clang.1_0.compiler
    cd /Users/zuziakaxel/Development/Geant4/projects/fh/CMakeFiles/CMakeTmp
    export LANG=en_US.US-ASCII
    /Applications/Xcode.app/Contents/Developer/Toolchains/XcodeDefault.xctoolchain/usr/bin/clang -x c -arch x86_64 -fmessage-length=0 -fdiagnostics-show-note-include-stack -fmacro-backtrace-limit=0 -Wno-trigraphs -fpascal-strings -O0 -Wno-missing-field-initializers -Wno-missing-prototypes -Wno-return-type -Wno-missing-braces -Wparentheses -Wswitch -Wno-unused-function -Wno-unused-label -Wno-unused-parameter -Wno-unused-variable -Wunused-value -Wno-empty-body -Wno-uninitialized -Wno-unknown-pragmas -Wno-shadow -Wno-four-char-constants -Wno-conversion -Wno-constant-conversion -Wno-int-conversion -Wno-bool-conversion -Wno-enum-conversion -Wno-shorten-64-to-32 -Wpointer-sign -Wno-newline-eof -DCMAKE_INTDIR=\"Debug\" -isysroot /Applications/Xcode.app/Contents/Developer/Platforms/MacOSX.platform/Developer/SDKs/MacOSX10.11.sdk -fasm-blocks -fstrict-aliasing -Wdeprecated-declarations -mmacosx-version-min=10.11 -g -Wno-sign-conversion -I/Users/zuziakaxel/Development/Geant4/projects/fh/CMakeFiles/CMakeTmp/Debug/include -I/Users/zuziakaxel/Development/Geant4/projects/fh/CMakeFiles/CMakeTmp/CMAKE_TRY_COMPILE.build/Debug/cmTC_16060.build/DerivedSources/x86_64 -I/Users/zuziakaxel/Development/Geant4/projects/fh/CMakeFiles/CMakeTmp/CMAKE_TRY_COMPILE.build/Debug/cmTC_16060.build/DerivedSources -Wmost -Wno-four-char-constants -Wno-unknown-pragmas -F/Users/zuziakaxel/Development/Geant4/projects/fh/CMakeFiles/CMakeTmp/Debug -std=c99 -MMD -MT dependencies -MF /Users/zuziakaxel/Development/Geant4/projects/fh/CMakeFiles/CMakeTmp/CMAKE_TRY_COMPILE.build/Debug/cmTC_16060.build/Objects-normal/x86_64/feature_tests.d --serialize-diagnostics /Users/zuziakaxel/Development/Geant4/projects/fh/CMakeFiles/CMakeTmp/CMAKE_TRY_COMPILE.build/Debug/cmTC_16060.build/Objects-normal/x86_64/feature_tests.dia -c /Users/zuziakaxel/Development/Geant4/projects/fh/CMakeFiles/feature_tests.c -o /Users/zuziakaxel/Development/Geant4/projects/fh/CMakeFiles/CMakeTmp/CMAKE_TRY_COMPILE.build/Debug/cmTC_16060.build/Objects-normal/x86_64/feature_tests.o

Ld Debug/cmTC_16060 normal x86_64
    cd /Users/zuziakaxel/Development/Geant4/projects/fh/CMakeFiles/CMakeTmp
    export MACOSX_DEPLOYMENT_TARGET=10.11
    /Applications/Xcode.app/Contents/Developer/Toolchains/XcodeDefault.xctoolchain/usr/bin/clang -arch x86_64 -isysroot /Applications/Xcode.app/Contents/Developer/Platforms/MacOSX.platform/Developer/SDKs/MacOSX10.11.sdk -L/Users/zuziakaxel/Development/Geant4/projects/fh/CMakeFiles/CMakeTmp/Debug -F/Users/zuziakaxel/Development/Geant4/projects/fh/CMakeFiles/CMakeTmp/Debug -filelist /Users/zuziakaxel/Development/Geant4/projects/fh/CMakeFiles/CMakeTmp/CMAKE_TRY_COMPILE.build/Debug/cmTC_16060.build/Objects-normal/x86_64/cmTC_16060.LinkFileList -mmacosx-version-min=10.11 -Wl,-search_paths_first -Wl,-headerpad_max_install_names -Xlinker -dependency_info -Xlinker /Users/zuziakaxel/Development/Geant4/projects/fh/CMakeFiles/CMakeTmp/CMAKE_TRY_COMPILE.build/Debug/cmTC_16060.build/Objects-normal/x86_64/cmTC_16060_dependency_info.dat -o /Users/zuziakaxel/Development/Geant4/projects/fh/CMakeFiles/CMakeTmp/Debug/cmTC_16060

** BUILD SUCCEEDED **



    Feature record: C_FEATURE:1c_function_prototypes
    Feature record: C_FEATURE:1c_restrict
    Feature record: C_FEATURE:0c_static_assert
    Feature record: C_FEATURE:1c_variadic_macros


Detecting C [-std=c90] compiler features compiled with the following output:
Change Dir: /Users/zuziakaxel/Development/Geant4/projects/fh/CMakeFiles/CMakeTmp

Run Build Command:"/usr/bin/xcodebuild" "-project" "CMAKE_TRY_COMPILE.xcodeproj" "build" "-target" "cmTC_27e08" "-configuration" "Debug"
2015-12-12 17:40:19.803 xcodebuild[54571:1476850] [MT] PluginLoading: Required plug-in compatibility UUID 7265231C-39B4-402C-89E1-16167C4CC990 for plug-in at path '~/Library/Application Support/Developer/Shared/Xcode/Plug-ins/RealmBrowser.xcplugin' not present in DVTPlugInCompatibilityUUIDs
=== BUILD TARGET cmTC_27e08 OF PROJECT CMAKE_TRY_COMPILE WITH CONFIGURATION Debug ===

Check dependencies

Write auxiliary files
/bin/mkdir -p /Users/zuziakaxel/Development/Geant4/projects/fh/CMakeFiles/CMakeTmp/CMAKE_TRY_COMPILE.build/Debug/cmTC_27e08.build/Objects-normal/x86_64
write-file /Users/zuziakaxel/Development/Geant4/projects/fh/CMakeFiles/CMakeTmp/CMAKE_TRY_COMPILE.build/Debug/cmTC_27e08.build/Objects-normal/x86_64/cmTC_27e08.LinkFileList

CompileC CMAKE_TRY_COMPILE.build/Debug/cmTC_27e08.build/Objects-normal/x86_64/feature_tests.o /Users/zuziakaxel/Development/Geant4/projects/fh/CMakeFiles/feature_tests.c normal x86_64 c com.apple.compilers.llvm.clang.1_0.compiler
    cd /Users/zuziakaxel/Development/Geant4/projects/fh/CMakeFiles/CMakeTmp
    export LANG=en_US.US-ASCII
    /Applications/Xcode.app/Contents/Developer/Toolchains/XcodeDefault.xctoolchain/usr/bin/clang -x c -arch x86_64 -fmessage-length=0 -fdiagnostics-show-note-include-stack -fmacro-backtrace-limit=0 -Wno-trigraphs -fpascal-strings -O0 -Wno-missing-field-initializers -Wno-missing-prototypes -Wno-return-type -Wno-missing-braces -Wparentheses -Wswitch -Wno-unused-function -Wno-unused-label -Wno-unused-parameter -Wno-unused-variable -Wunused-value -Wno-empty-body -Wno-uninitialized -Wno-unknown-pragmas -Wno-shadow -Wno-four-char-constants -Wno-conversion -Wno-constant-conversion -Wno-int-conversion -Wno-bool-conversion -Wno-enum-conversion -Wno-shorten-64-to-32 -Wpointer-sign -Wno-newline-eof -DCMAKE_INTDIR=\"Debug\" -isysroot /Applications/Xcode.app/Contents/Developer/Platforms/MacOSX.platform/Developer/SDKs/MacOSX10.11.sdk -fasm-blocks -fstrict-aliasing -Wdeprecated-declarations -mmacosx-version-min=10.11 -g -Wno-sign-conversion -I/Users/zuziakaxel/Development/Geant4/projects/fh/CMakeFiles/CMakeTmp/Debug/include -I/Users/zuziakaxel/Development/Geant4/projects/fh/CMakeFiles/CMakeTmp/CMAKE_TRY_COMPILE.build/Debug/cmTC_27e08.build/DerivedSources/x86_64 -I/Users/zuziakaxel/Development/Geant4/projects/fh/CMakeFiles/CMakeTmp/CMAKE_TRY_COMPILE.build/Debug/cmTC_27e08.build/DerivedSources -Wmost -Wno-four-char-constants -Wno-unknown-pragmas -F/Users/zuziakaxel/Development/Geant4/projects/fh/CMakeFiles/CMakeTmp/Debug -std=c90 -MMD -MT dependencies -MF /Users/zuziakaxel/Development/Geant4/projects/fh/CMakeFiles/CMakeTmp/CMAKE_TRY_COMPILE.build/Debug/cmTC_27e08.build/Objects-normal/x86_64/feature_tests.d --serialize-diagnostics /Users/zuziakaxel/Development/Geant4/projects/fh/CMakeFiles/CMakeTmp/CMAKE_TRY_COMPILE.build/Debug/cmTC_27e08.build/Objects-normal/x86_64/feature_tests.dia -c /Users/zuziakaxel/Development/Geant4/projects/fh/CMakeFiles/feature_tests.c -o /Users/zuziakaxel/Development/Geant4/projects/fh/CMakeFiles/CMakeTmp/CMAKE_TRY_COMPILE.build/Debug/cmTC_27e08.build/Objects-normal/x86_64/feature_tests.o

Ld Debug/cmTC_27e08 normal x86_64
    cd /Users/zuziakaxel/Development/Geant4/projects/fh/CMakeFiles/CMakeTmp
    export MACOSX_DEPLOYMENT_TARGET=10.11
    /Applications/Xcode.app/Contents/Developer/Toolchains/XcodeDefault.xctoolchain/usr/bin/clang -arch x86_64 -isysroot /Applications/Xcode.app/Contents/Developer/Platforms/MacOSX.platform/Developer/SDKs/MacOSX10.11.sdk -L/Users/zuziakaxel/Development/Geant4/projects/fh/CMakeFiles/CMakeTmp/Debug -F/Users/zuziakaxel/Development/Geant4/projects/fh/CMakeFiles/CMakeTmp/Debug -filelist /Users/zuziakaxel/Development/Geant4/projects/fh/CMakeFiles/CMakeTmp/CMAKE_TRY_COMPILE.build/Debug/cmTC_27e08.build/Objects-normal/x86_64/cmTC_27e08.LinkFileList -mmacosx-version-min=10.11 -Wl,-search_paths_first -Wl,-headerpad_max_install_names -Xlinker -dependency_info -Xlinker /Users/zuziakaxel/Development/Geant4/projects/fh/CMakeFiles/CMakeTmp/CMAKE_TRY_COMPILE.build/Debug/cmTC_27e08.build/Objects-normal/x86_64/cmTC_27e08_dependency_info.dat -o /Users/zuziakaxel/Development/Geant4/projects/fh/CMakeFiles/CMakeTmp/Debug/cmTC_27e08

** BUILD SUCCEEDED **



    Feature record: C_FEATURE:1c_function_prototypes
    Feature record: C_FEATURE:0c_restrict
    Feature record: C_FEATURE:0c_static_assert
    Feature record: C_FEATURE:0c_variadic_macros
Determining if the CXX compiler works passed with the following output:
Change Dir: /Users/zuziakaxel/Development/Geant4/projects/fh/CMakeFiles/CMakeTmp

Run Build Command:"/usr/bin/xcodebuild" "-project" "CMAKE_TRY_COMPILE.xcodeproj" "build" "-target" "cmTC_16ffd" "-configuration" "Debug"
2015-12-12 17:40:20.724 xcodebuild[54586:1476915] [MT] PluginLoading: Required plug-in compatibility UUID 7265231C-39B4-402C-89E1-16167C4CC990 for plug-in at path '~/Library/Application Support/Developer/Shared/Xcode/Plug-ins/RealmBrowser.xcplugin' not present in DVTPlugInCompatibilityUUIDs
=== BUILD TARGET cmTC_16ffd OF PROJECT CMAKE_TRY_COMPILE WITH CONFIGURATION Debug ===

Check dependencies

Write auxiliary files
/bin/mkdir -p /Users/zuziakaxel/Development/Geant4/projects/fh/CMakeFiles/CMakeTmp/CMAKE_TRY_COMPILE.build/Debug/cmTC_16ffd.build/Objects-normal/x86_64
write-file /Users/zuziakaxel/Development/Geant4/projects/fh/CMakeFiles/CMakeTmp/CMAKE_TRY_COMPILE.build/Debug/cmTC_16ffd.build/Objects-normal/x86_64/cmTC_16ffd.LinkFileList

CompileC CMAKE_TRY_COMPILE.build/Debug/cmTC_16ffd.build/Objects-normal/x86_64/testCXXCompiler.o testCXXCompiler.cxx normal x86_64 c++ com.apple.compilers.llvm.clang.1_0.compiler
    cd /Users/zuziakaxel/Development/Geant4/projects/fh/CMakeFiles/CMakeTmp
    export LANG=en_US.US-ASCII
    /Applications/Xcode.app/Contents/Developer/Toolchains/XcodeDefault.xctoolchain/usr/bin/clang -x c++ -arch x86_64 -fmessage-length=0 -fdiagnostics-show-note-include-stack -fmacro-backtrace-limit=0 -Wno-trigraphs -fpascal-strings -O0 -Wno-missing-field-initializers -Wno-missing-prototypes -Wno-return-type -Wno-non-virtual-dtor -Wno-overloaded-virtual -Wno-exit-time-destructors -Wno-missing-braces -Wparentheses -Wswitch -Wno-unused-function -Wno-unused-label -Wno-unused-parameter -Wno-unused-variable -Wunused-value -Wno-empty-body -Wno-uninitialized -Wno-unknown-pragmas -Wno-shadow -Wno-four-char-constants -Wno-conversion -Wno-constant-conversion -Wno-int-conversion -Wno-bool-conversion -Wno-enum-conversion -Wno-shorten-64-to-32 -Wno-newline-eof -Wno-c++11-extensions -DCMAKE_INTDIR=\"Debug\" -isysroot /Applications/Xcode.app/Contents/Developer/Platforms/MacOSX.platform/Developer/SDKs/MacOSX10.11.sdk -fasm-blocks -fstrict-aliasing -Wdeprecated-declarations -Winvalid-offsetof -mmacosx-version-min=10.11 -g -Wno-sign-conversion -I/Users/zuziakaxel/Development/Geant4/projects/fh/CMakeFiles/CMakeTmp/Debug/include -I/Users/zuziakaxel/Development/Geant4/projects/fh/CMakeFiles/CMakeTmp/CMAKE_TRY_COMPILE.build/Debug/cmTC_16ffd.build/DerivedSources/x86_64 -I/Users/zuziakaxel/Development/Geant4/projects/fh/CMakeFiles/CMakeTmp/CMAKE_TRY_COMPILE.build/Debug/cmTC_16ffd.build/DerivedSources -Wmost -Wno-four-char-constants -Wno-unknown-pragmas -F/Users/zuziakaxel/Development/Geant4/projects/fh/CMakeFiles/CMakeTmp/Debug -MMD -MT dependencies -MF /Users/zuziakaxel/Development/Geant4/projects/fh/CMakeFiles/CMakeTmp/CMAKE_TRY_COMPILE.build/Debug/cmTC_16ffd.build/Objects-normal/x86_64/testCXXCompiler.d --serialize-diagnostics /Users/zuziakaxel/Development/Geant4/projects/fh/CMakeFiles/CMakeTmp/CMAKE_TRY_COMPILE.build/Debug/cmTC_16ffd.build/Objects-normal/x86_64/testCXXCompiler.dia -c /Users/zuziakaxel/Development/Geant4/projects/fh/CMakeFiles/CMakeTmp/testCXXCompiler.cxx -o /Users/zuziakaxel/Development/Geant4/projects/fh/CMakeFiles/CMakeTmp/CMAKE_TRY_COMPILE.build/Debug/cmTC_16ffd.build/Objects-normal/x86_64/testCXXCompiler.o

Ld Debug/cmTC_16ffd normal x86_64
    cd /Users/zuziakaxel/Development/Geant4/projects/fh/CMakeFiles/CMakeTmp
    export MACOSX_DEPLOYMENT_TARGET=10.11
    /Applications/Xcode.app/Contents/Developer/Toolchains/XcodeDefault.xctoolchain/usr/bin/clang++ -arch x86_64 -isysroot /Applications/Xcode.app/Contents/Developer/Platforms/MacOSX.platform/Developer/SDKs/MacOSX10.11.sdk -L/Users/zuziakaxel/Development/Geant4/projects/fh/CMakeFiles/CMakeTmp/Debug -F/Users/zuziakaxel/Development/Geant4/projects/fh/CMakeFiles/CMakeTmp/Debug -filelist /Users/zuziakaxel/Development/Geant4/projects/fh/CMakeFiles/CMakeTmp/CMAKE_TRY_COMPILE.build/Debug/cmTC_16ffd.build/Objects-normal/x86_64/cmTC_16ffd.LinkFileList -mmacosx-version-min=10.11 -Wl,-search_paths_first -Wl,-headerpad_max_install_names -Xlinker -dependency_info -Xlinker /Users/zuziakaxel/Development/Geant4/projects/fh/CMakeFiles/CMakeTmp/CMAKE_TRY_COMPILE.build/Debug/cmTC_16ffd.build/Objects-normal/x86_64/cmTC_16ffd_dependency_info.dat -o /Users/zuziakaxel/Development/Geant4/projects/fh/CMakeFiles/CMakeTmp/Debug/cmTC_16ffd

** BUILD SUCCEEDED **



Detecting CXX compiler ABI info compiled with the following output:
Change Dir: /Users/zuziakaxel/Development/Geant4/projects/fh/CMakeFiles/CMakeTmp

Run Build Command:"/usr/bin/xcodebuild" "-project" "CMAKE_TRY_COMPILE.xcodeproj" "build" "-target" "cmTC_1a69a" "-configuration" "Debug"
2015-12-12 17:40:21.634 xcodebuild[54601:1476963] [MT] PluginLoading: Required plug-in compatibility UUID 7265231C-39B4-402C-89E1-16167C4CC990 for plug-in at path '~/Library/Application Support/Developer/Shared/Xcode/Plug-ins/RealmBrowser.xcplugin' not present in DVTPlugInCompatibilityUUIDs
=== BUILD TARGET cmTC_1a69a OF PROJECT CMAKE_TRY_COMPILE WITH CONFIGURATION Debug ===

Check dependencies

Write auxiliary files
/bin/mkdir -p /Users/zuziakaxel/Development/Geant4/projects/fh/CMakeFiles/CMakeTmp/CMAKE_TRY_COMPILE.build/Debug/cmTC_1a69a.build/Objects-normal/x86_64
write-file /Users/zuziakaxel/Development/Geant4/projects/fh/CMakeFiles/CMakeTmp/CMAKE_TRY_COMPILE.build/Debug/cmTC_1a69a.build/Objects-normal/x86_64/cmTC_1a69a.LinkFileList

CompileC CMAKE_TRY_COMPILE.build/Debug/cmTC_1a69a.build/Objects-normal/x86_64/CMakeCXXCompilerABI.o /opt/local/share/cmake-3.4/Modules/CMakeCXXCompilerABI.cpp normal x86_64 c++ com.apple.compilers.llvm.clang.1_0.compiler
    cd /Users/zuziakaxel/Development/Geant4/projects/fh/CMakeFiles/CMakeTmp
    export LANG=en_US.US-ASCII
    /Applications/Xcode.app/Contents/Developer/Toolchains/XcodeDefault.xctoolchain/usr/bin/clang -x c++ -arch x86_64 -fmessage-length=0 -fdiagnostics-show-note-include-stack -fmacro-backtrace-limit=0 -Wno-trigraphs -fpascal-strings -O0 -Wno-missing-field-initializers -Wno-missing-prototypes -Wno-return-type -Wno-non-virtual-dtor -Wno-overloaded-virtual -Wno-exit-time-destructors -Wno-missing-braces -Wparentheses -Wswitch -Wno-unused-function -Wno-unused-label -Wno-unused-parameter -Wno-unused-variable -Wunused-value -Wno-empty-body -Wno-uninitialized -Wno-unknown-pragmas -Wno-shadow -Wno-four-char-constants -Wno-conversion -Wno-constant-conversion -Wno-int-conversion -Wno-bool-conversion -Wno-enum-conversion -Wno-shorten-64-to-32 -Wno-newline-eof -Wno-c++11-extensions -DCMAKE_INTDIR=\"Debug\" -isysroot /Applications/Xcode.app/Contents/Developer/Platforms/MacOSX.platform/Developer/SDKs/MacOSX10.11.sdk -fasm-blocks -fstrict-aliasing -Wdeprecated-declarations -Winvalid-offsetof -mmacosx-version-min=10.11 -g -Wno-sign-conversion -I/Users/zuziakaxel/Development/Geant4/projects/fh/CMakeFiles/CMakeTmp/Debug/include -I/Users/zuziakaxel/Development/Geant4/projects/fh/CMakeFiles/CMakeTmp/CMAKE_TRY_COMPILE.build/Debug/cmTC_1a69a.build/DerivedSources/x86_64 -I/Users/zuziakaxel/Development/Geant4/projects/fh/CMakeFiles/CMakeTmp/CMAKE_TRY_COMPILE.build/Debug/cmTC_1a69a.build/DerivedSources -Wmost -Wno-four-char-constants -Wno-unknown-pragmas -F/Users/zuziakaxel/Development/Geant4/projects/fh/CMakeFiles/CMakeTmp/Debug -MMD -MT dependencies -MF /Users/zuziakaxel/Development/Geant4/projects/fh/CMakeFiles/CMakeTmp/CMAKE_TRY_COMPILE.build/Debug/cmTC_1a69a.build/Objects-normal/x86_64/CMakeCXXCompilerABI.d --serialize-diagnostics /Users/zuziakaxel/Development/Geant4/projects/fh/CMakeFiles/CMakeTmp/CMAKE_TRY_COMPILE.build/Debug/cmTC_1a69a.build/Objects-normal/x86_64/CMakeCXXCompilerABI.dia -c /opt/local/share/cmake-3.4/Modules/CMakeCXXCompilerABI.cpp -o /Users/zuziakaxel/Development/Geant4/projects/fh/CMakeFiles/CMakeTmp/CMAKE_TRY_COMPILE.build/Debug/cmTC_1a69a.build/Objects-normal/x86_64/CMakeCXXCompilerABI.o

Ld Debug/cmTC_1a69a normal x86_64
    cd /Users/zuziakaxel/Development/Geant4/projects/fh/CMakeFiles/CMakeTmp
    export MACOSX_DEPLOYMENT_TARGET=10.11
    /Applications/Xcode.app/Contents/Developer/Toolchains/XcodeDefault.xctoolchain/usr/bin/clang++ -arch x86_64 -isysroot /Applications/Xcode.app/Contents/Developer/Platforms/MacOSX.platform/Developer/SDKs/MacOSX10.11.sdk -L/Users/zuziakaxel/Development/Geant4/projects/fh/CMakeFiles/CMakeTmp/Debug -F/Users/zuziakaxel/Development/Geant4/projects/fh/CMakeFiles/CMakeTmp/Debug -filelist /Users/zuziakaxel/Development/Geant4/projects/fh/CMakeFiles/CMakeTmp/CMAKE_TRY_COMPILE.build/Debug/cmTC_1a69a.build/Objects-normal/x86_64/cmTC_1a69a.LinkFileList -mmacosx-version-min=10.11 -v -Wl,-v -Wl,-search_paths_first -Wl,-headerpad_max_install_names -Xlinker -dependency_info -Xlinker /Users/zuziakaxel/Development/Geant4/projects/fh/CMakeFiles/CMakeTmp/CMAKE_TRY_COMPILE.build/Debug/cmTC_1a69a.build/Objects-normal/x86_64/cmTC_1a69a_dependency_info.dat -o /Users/zuziakaxel/Development/Geant4/projects/fh/CMakeFiles/CMakeTmp/Debug/cmTC_1a69a
Apple LLVM version 7.0.0 (clang-700.1.76)
Target: x86_64-apple-darwin15.0.0
Thread model: posix
 "/Applications/Xcode.app/Contents/Developer/Toolchains/XcodeDefault.xctoolchain/usr/bin/ld" -demangle -dynamic -arch x86_64 -macosx_version_min 10.11.0 -syslibroot /Applications/Xcode.app/Contents/Developer/Platforms/MacOSX.platform/Developer/SDKs/MacOSX10.11.sdk -o /Users/zuziakaxel/Development/Geant4/projects/fh/CMakeFiles/CMakeTmp/Debug/cmTC_1a69a -L/Users/zuziakaxel/Development/Geant4/projects/fh/CMakeFiles/CMakeTmp/Debug -filelist /Users/zuziakaxel/Development/Geant4/projects/fh/CMakeFiles/CMakeTmp/CMAKE_TRY_COMPILE.build/Debug/cmTC_1a69a.build/Objects-normal/x86_64/cmTC_1a69a.LinkFileList -v -search_paths_first -headerpad_max_install_names -dependency_info /Users/zuziakaxel/Development/Geant4/projects/fh/CMakeFiles/CMakeTmp/CMAKE_TRY_COMPILE.build/Debug/cmTC_1a69a.build/Objects-normal/x86_64/cmTC_1a69a_dependency_info.dat -lc++ -lSystem /Applications/Xcode.app/Contents/Developer/Toolchains/XcodeDefault.xctoolchain/usr/bin/../lib/clang/7.0.0/lib/darwin/libclang_rt.osx.a -F/Users/zuziakaxel/Development/Geant4/projects/fh/CMakeFiles/CMakeTmp/Debug
@(#)PROGRAM:ld  PROJECT:ld64-253.6
configured to support archs: armv6 armv7 armv7s arm64 i386 x86_64 x86_64h armv6m armv7k armv7m armv7em (tvOS)
Library search paths:
	/Users/zuziakaxel/Development/Geant4/projects/fh/CMakeFiles/CMakeTmp/Debug
	/Applications/Xcode.app/Contents/Developer/Platforms/MacOSX.platform/Developer/SDKs/MacOSX10.11.sdk/usr/lib
Framework search paths:
	/Users/zuziakaxel/Development/Geant4/projects/fh/CMakeFiles/CMakeTmp/Debug
	/Applications/Xcode.app/Contents/Developer/Platforms/MacOSX.platform/Developer/SDKs/MacOSX10.11.sdk/System/Library/Frameworks/

** BUILD SUCCEEDED **



Parsed CXX implicit link information from above output:
  link line regex: [^( *|.*[/\])(ld|([^/\]+-)?ld|collect2)[^/\]*( |$)]
  ignore line: [Change Dir: /Users/zuziakaxel/Development/Geant4/projects/fh/CMakeFiles/CMakeTmp]
  ignore line: []
  ignore line: [Run Build Command:"/usr/bin/xcodebuild" "-project" "CMAKE_TRY_COMPILE.xcodeproj" "build" "-target" "cmTC_1a69a" "-configuration" "Debug"]
  ignore line: [2015-12-12 17:40:21.634 xcodebuild[54601:1476963] [MT] PluginLoading: Required plug-in compatibility UUID 7265231C-39B4-402C-89E1-16167C4CC990 for plug-in at path '~/Library/Application Support/Developer/Shared/Xcode/Plug-ins/RealmBrowser.xcplugin' not present in DVTPlugInCompatibilityUUIDs]
  ignore line: [=== BUILD TARGET cmTC_1a69a OF PROJECT CMAKE_TRY_COMPILE WITH CONFIGURATION Debug ===]
  ignore line: []
  ignore line: [Check dependencies]
  ignore line: []
  ignore line: [Write auxiliary files]
  ignore line: [/bin/mkdir -p /Users/zuziakaxel/Development/Geant4/projects/fh/CMakeFiles/CMakeTmp/CMAKE_TRY_COMPILE.build/Debug/cmTC_1a69a.build/Objects-normal/x86_64]
  ignore line: [write-file /Users/zuziakaxel/Development/Geant4/projects/fh/CMakeFiles/CMakeTmp/CMAKE_TRY_COMPILE.build/Debug/cmTC_1a69a.build/Objects-normal/x86_64/cmTC_1a69a.LinkFileList]
  ignore line: []
  ignore line: [CompileC CMAKE_TRY_COMPILE.build/Debug/cmTC_1a69a.build/Objects-normal/x86_64/CMakeCXXCompilerABI.o /opt/local/share/cmake-3.4/Modules/CMakeCXXCompilerABI.cpp normal x86_64 c++ com.apple.compilers.llvm.clang.1_0.compiler]
  ignore line: [    cd /Users/zuziakaxel/Development/Geant4/projects/fh/CMakeFiles/CMakeTmp]
  ignore line: [    export LANG=en_US.US-ASCII]
  ignore line: [    /Applications/Xcode.app/Contents/Developer/Toolchains/XcodeDefault.xctoolchain/usr/bin/clang -x c++ -arch x86_64 -fmessage-length=0 -fdiagnostics-show-note-include-stack -fmacro-backtrace-limit=0 -Wno-trigraphs -fpascal-strings -O0 -Wno-missing-field-initializers -Wno-missing-prototypes -Wno-return-type -Wno-non-virtual-dtor -Wno-overloaded-virtual -Wno-exit-time-destructors -Wno-missing-braces -Wparentheses -Wswitch -Wno-unused-function -Wno-unused-label -Wno-unused-parameter -Wno-unused-variable -Wunused-value -Wno-empty-body -Wno-uninitialized -Wno-unknown-pragmas -Wno-shadow -Wno-four-char-constants -Wno-conversion -Wno-constant-conversion -Wno-int-conversion -Wno-bool-conversion -Wno-enum-conversion -Wno-shorten-64-to-32 -Wno-newline-eof -Wno-c++11-extensions -DCMAKE_INTDIR=\"Debug\" -isysroot /Applications/Xcode.app/Contents/Developer/Platforms/MacOSX.platform/Developer/SDKs/MacOSX10.11.sdk -fasm-blocks -fstrict-aliasing -Wdeprecated-declarations -Winvalid-offsetof -mmacosx-version-min=10.11 -g -Wno-sign-conversion -I/Users/zuziakaxel/Development/Geant4/projects/fh/CMakeFiles/CMakeTmp/Debug/include -I/Users/zuziakaxel/Development/Geant4/projects/fh/CMakeFiles/CMakeTmp/CMAKE_TRY_COMPILE.build/Debug/cmTC_1a69a.build/DerivedSources/x86_64 -I/Users/zuziakaxel/Development/Geant4/projects/fh/CMakeFiles/CMakeTmp/CMAKE_TRY_COMPILE.build/Debug/cmTC_1a69a.build/DerivedSources -Wmost -Wno-four-char-constants -Wno-unknown-pragmas -F/Users/zuziakaxel/Development/Geant4/projects/fh/CMakeFiles/CMakeTmp/Debug -MMD -MT dependencies -MF /Users/zuziakaxel/Development/Geant4/projects/fh/CMakeFiles/CMakeTmp/CMAKE_TRY_COMPILE.build/Debug/cmTC_1a69a.build/Objects-normal/x86_64/CMakeCXXCompilerABI.d --serialize-diagnostics /Users/zuziakaxel/Development/Geant4/projects/fh/CMakeFiles/CMakeTmp/CMAKE_TRY_COMPILE.build/Debug/cmTC_1a69a.build/Objects-normal/x86_64/CMakeCXXCompilerABI.dia -c /opt/local/share/cmake-3.4/Modules/CMakeCXXCompilerABI.cpp -o /Users/zuziakaxel/Development/Geant4/projects/fh/CMakeFiles/CMakeTmp/CMAKE_TRY_COMPILE.build/Debug/cmTC_1a69a.build/Objects-normal/x86_64/CMakeCXXCompilerABI.o]
  ignore line: []
  ignore line: [Ld Debug/cmTC_1a69a normal x86_64]
  ignore line: [    cd /Users/zuziakaxel/Development/Geant4/projects/fh/CMakeFiles/CMakeTmp]
  ignore line: [    export MACOSX_DEPLOYMENT_TARGET=10.11]
  ignore line: [    /Applications/Xcode.app/Contents/Developer/Toolchains/XcodeDefault.xctoolchain/usr/bin/clang++ -arch x86_64 -isysroot /Applications/Xcode.app/Contents/Developer/Platforms/MacOSX.platform/Developer/SDKs/MacOSX10.11.sdk -L/Users/zuziakaxel/Development/Geant4/projects/fh/CMakeFiles/CMakeTmp/Debug -F/Users/zuziakaxel/Development/Geant4/projects/fh/CMakeFiles/CMakeTmp/Debug -filelist /Users/zuziakaxel/Development/Geant4/projects/fh/CMakeFiles/CMakeTmp/CMAKE_TRY_COMPILE.build/Debug/cmTC_1a69a.build/Objects-normal/x86_64/cmTC_1a69a.LinkFileList -mmacosx-version-min=10.11 -v -Wl,-v -Wl,-search_paths_first -Wl,-headerpad_max_install_names -Xlinker -dependency_info -Xlinker /Users/zuziakaxel/Development/Geant4/projects/fh/CMakeFiles/CMakeTmp/CMAKE_TRY_COMPILE.build/Debug/cmTC_1a69a.build/Objects-normal/x86_64/cmTC_1a69a_dependency_info.dat -o /Users/zuziakaxel/Development/Geant4/projects/fh/CMakeFiles/CMakeTmp/Debug/cmTC_1a69a]
  ignore line: [Apple LLVM version 7.0.0 (clang-700.1.76)]
  ignore line: [Target: x86_64-apple-darwin15.0.0]
  ignore line: [Thread model: posix]
  reduced line: [ "/Applications/Xcode.app/Contents/Developer/Toolchains/XcodeDefault.xctoolchain/usr/bin/ld" -demangle -dynamic -arch x86_64 -macosx_version_min 10.11.0 -syslibroot /Applications/Xcode.app/Contents/Developer/Platforms/MacOSX.platform/Developer/SDKs/MacOSX10.11.sdk -o /Users/zuziakaxel/Development/Geant4/projects/fh/CMakeFiles/CMakeTmp/Debug/cmTC_1a69a -L/Users/zuziakaxel/Development/Geant4/projects/fh/CMakeFiles/CMakeTmp/Debug -filelist /Users/zuziakaxel/Development/Geant4/projects/fh/CMakeFiles/CMakeTmp/CMAKE_TRY_COMPILE.build/Debug/cmTC_1a69a.build/Objects-normal/x86_64/cmTC_1a69a.LinkFileList -v -search_paths_first -headerpad_max_install_names -dependency_info /Users/zuziakaxel/Development/Geant4/projects/fh/CMakeFiles/CMakeTmp/CMAKE_TRY_COMPILE.build/Debug/cmTC_1a69a.build/Objects-normal/x86_64/cmTC_1a69a_dependency_info.dat -lc++ -lSystem /Applications/Xcode.app/Contents/Developer/Toolchains/XcodeDefault.xctoolchain/usr/bin/../lib/clang/7.0.0/lib/darwin/libclang_rt.osx.a -F/Users/zuziakaxel/Development/Geant4/projects/fh/CMakeFiles/CMakeTmp/Debug]
            to: [ "/Applications/Xcode.app/Contents/Developer/Toolchains/XcodeDefault.xctoolchain/usr/bin/ld" -demangle -dynamic -arch x86_64 -macosx_version_min 10.11.0 -syslibroot /Applications/Xcode.app/Contents/Developer/Platforms/MacOSX.platform/Developer/SDKs/MacOSX10.11.sdk -o /Users/zuziakaxel/Development/Geant4/projects/fh/CMakeFiles/CMakeTmp/Debug/cmTC_1a69a -filelist /Users/zuziakaxel/Development/Geant4/projects/fh/CMakeFiles/CMakeTmp/CMAKE_TRY_COMPILE.build/Debug/cmTC_1a69a.build/Objects-normal/x86_64/cmTC_1a69a.LinkFileList -v -search_paths_first -headerpad_max_install_names -dependency_info /Users/zuziakaxel/Development/Geant4/projects/fh/CMakeFiles/CMakeTmp/CMAKE_TRY_COMPILE.build/Debug/cmTC_1a69a.build/Objects-normal/x86_64/cmTC_1a69a_dependency_info.dat -lc++ -lSystem /Applications/Xcode.app/Contents/Developer/Toolchains/XcodeDefault.xctoolchain/usr/bin/../lib/clang/7.0.0/lib/darwin/libclang_rt.osx.a ]
  link line: [ "/Applications/Xcode.app/Contents/Developer/Toolchains/XcodeDefault.xctoolchain/usr/bin/ld" -demangle -dynamic -arch x86_64 -macosx_version_min 10.11.0 -syslibroot /Applications/Xcode.app/Contents/Developer/Platforms/MacOSX.platform/Developer/SDKs/MacOSX10.11.sdk -o /Users/zuziakaxel/Development/Geant4/projects/fh/CMakeFiles/CMakeTmp/Debug/cmTC_1a69a -filelist /Users/zuziakaxel/Development/Geant4/projects/fh/CMakeFiles/CMakeTmp/CMAKE_TRY_COMPILE.build/Debug/cmTC_1a69a.build/Objects-normal/x86_64/cmTC_1a69a.LinkFileList -v -search_paths_first -headerpad_max_install_names -dependency_info /Users/zuziakaxel/Development/Geant4/projects/fh/CMakeFiles/CMakeTmp/CMAKE_TRY_COMPILE.build/Debug/cmTC_1a69a.build/Objects-normal/x86_64/cmTC_1a69a_dependency_info.dat -lc++ -lSystem /Applications/Xcode.app/Contents/Developer/Toolchains/XcodeDefault.xctoolchain/usr/bin/../lib/clang/7.0.0/lib/darwin/libclang_rt.osx.a ]
    arg [/Applications/Xcode.app/Contents/Developer/Toolchains/XcodeDefault.xctoolchain/usr/bin/ld] ==> ignore
    arg [-demangle] ==> ignore
    arg [-dynamic] ==> ignore
    arg [-arch] ==> ignore
    arg [x86_64] ==> ignore
    arg [-macosx_version_min] ==> ignore
    arg [10.11.0] ==> ignore
    arg [-syslibroot] ==> ignore
    arg [/Applications/Xcode.app/Contents/Developer/Platforms/MacOSX.platform/Developer/SDKs/MacOSX10.11.sdk] ==> ignore
    arg [-o] ==> ignore
    arg [/Users/zuziakaxel/Development/Geant4/projects/fh/CMakeFiles/CMakeTmp/Debug/cmTC_1a69a] ==> ignore
    arg [-filelist] ==> ignore
    arg [/Users/zuziakaxel/Development/Geant4/projects/fh/CMakeFiles/CMakeTmp/CMAKE_TRY_COMPILE.build/Debug/cmTC_1a69a.build/Objects-normal/x86_64/cmTC_1a69a.LinkFileList] ==> ignore
    arg [-v] ==> ignore
    arg [-search_paths_first] ==> ignore
    arg [-headerpad_max_install_names] ==> ignore
    arg [-dependency_info] ==> ignore
    arg [/Users/zuziakaxel/Development/Geant4/projects/fh/CMakeFiles/CMakeTmp/CMAKE_TRY_COMPILE.build/Debug/cmTC_1a69a.build/Objects-normal/x86_64/cmTC_1a69a_dependency_info.dat] ==> ignore
    arg [-lc++] ==> lib [c++]
    arg [-lSystem] ==> lib [System]
    arg [/Applications/Xcode.app/Contents/Developer/Toolchains/XcodeDefault.xctoolchain/usr/bin/../lib/clang/7.0.0/lib/darwin/libclang_rt.osx.a] ==> lib [/Applications/Xcode.app/Contents/Developer/Toolchains/XcodeDefault.xctoolchain/usr/bin/../lib/clang/7.0.0/lib/darwin/libclang_rt.osx.a]
  Library search paths: [;/Users/zuziakaxel/Development/Geant4/projects/fh/CMakeFiles/CMakeTmp/Debug;/Applications/Xcode.app/Contents/Developer/Platforms/MacOSX.platform/Developer/SDKs/MacOSX10.11.sdk/usr/lib]
  Framework search paths: [;/Users/zuziakaxel/Development/Geant4/projects/fh/CMakeFiles/CMakeTmp/Debug;/Applications/Xcode.app/Contents/Developer/Platforms/MacOSX.platform/Developer/SDKs/MacOSX10.11.sdk/System/Library/Frameworks/]
  remove lib [System]
  collapse lib [/Applications/Xcode.app/Contents/Developer/Toolchains/XcodeDefault.xctoolchain/usr/bin/../lib/clang/7.0.0/lib/darwin/libclang_rt.osx.a] ==> [/Applications/Xcode.app/Contents/Developer/Toolchains/XcodeDefault.xctoolchain/usr/lib/clang/7.0.0/lib/darwin/libclang_rt.osx.a]
  collapse library dir [/Users/zuziakaxel/Development/Geant4/projects/fh/CMakeFiles/CMakeTmp/Debug] ==> [/Users/zuziakaxel/Development/Geant4/projects/fh/CMakeFiles/CMakeTmp/Debug], skipping non-system directory
  collapse library dir [/Applications/Xcode.app/Contents/Developer/Platforms/MacOSX.platform/Developer/SDKs/MacOSX10.11.sdk/usr/lib] ==> [/Applications/Xcode.app/Contents/Developer/Platforms/MacOSX.platform/Developer/SDKs/MacOSX10.11.sdk/usr/lib]
  collapse framework dir [/Users/zuziakaxel/Development/Geant4/projects/fh/CMakeFiles/CMakeTmp/Debug] ==> [/Users/zuziakaxel/Development/Geant4/projects/fh/CMakeFiles/CMakeTmp/Debug], skipping non-system directory
  collapse framework dir [/Applications/Xcode.app/Contents/Developer/Platforms/MacOSX.platform/Developer/SDKs/MacOSX10.11.sdk/System/Library/Frameworks/] ==> [/Applications/Xcode.app/Contents/Developer/Platforms/MacOSX.platform/Developer/SDKs/MacOSX10.11.sdk/System/Library/Frameworks]
  implicit libs: [c++;/Applications/Xcode.app/Contents/Developer/Toolchains/XcodeDefault.xctoolchain/usr/lib/clang/7.0.0/lib/darwin/libclang_rt.osx.a]
  implicit dirs: [/Applications/Xcode.app/Contents/Developer/Platforms/MacOSX.platform/Developer/SDKs/MacOSX10.11.sdk/usr/lib]
  implicit fwks: [/Applications/Xcode.app/Contents/Developer/Platforms/MacOSX.platform/Developer/SDKs/MacOSX10.11.sdk/System/Library/Frameworks]




Detecting CXX [-std=c++14] compiler features compiled with the following output:
Change Dir: /Users/zuziakaxel/Development/Geant4/projects/fh/CMakeFiles/CMakeTmp

Run Build Command:"/usr/bin/xcodebuild" "-project" "CMAKE_TRY_COMPILE.xcodeproj" "build" "-target" "cmTC_ea5cc" "-configuration" "Debug"
2015-12-12 17:40:22.652 xcodebuild[54619:1477012] [MT] PluginLoading: Required plug-in compatibility UUID 7265231C-39B4-402C-89E1-16167C4CC990 for plug-in at path '~/Library/Application Support/Developer/Shared/Xcode/Plug-ins/RealmBrowser.xcplugin' not present in DVTPlugInCompatibilityUUIDs
=== BUILD TARGET cmTC_ea5cc OF PROJECT CMAKE_TRY_COMPILE WITH CONFIGURATION Debug ===

Check dependencies

Write auxiliary files
/bin/mkdir -p /Users/zuziakaxel/Development/Geant4/projects/fh/CMakeFiles/CMakeTmp/CMAKE_TRY_COMPILE.build/Debug/cmTC_ea5cc.build/Objects-normal/x86_64
write-file /Users/zuziakaxel/Development/Geant4/projects/fh/CMakeFiles/CMakeTmp/CMAKE_TRY_COMPILE.build/Debug/cmTC_ea5cc.build/Objects-normal/x86_64/cmTC_ea5cc.LinkFileList

CompileC CMAKE_TRY_COMPILE.build/Debug/cmTC_ea5cc.build/Objects-normal/x86_64/feature_tests.o /Users/zuziakaxel/Development/Geant4/projects/fh/CMakeFiles/feature_tests.cxx normal x86_64 c++ com.apple.compilers.llvm.clang.1_0.compiler
    cd /Users/zuziakaxel/Development/Geant4/projects/fh/CMakeFiles/CMakeTmp
    export LANG=en_US.US-ASCII
    /Applications/Xcode.app/Contents/Developer/Toolchains/XcodeDefault.xctoolchain/usr/bin/clang -x c++ -arch x86_64 -fmessage-length=0 -fdiagnostics-show-note-include-stack -fmacro-backtrace-limit=0 -Wno-trigraphs -fpascal-strings -O0 -Wno-missing-field-initializers -Wno-missing-prototypes -Wno-return-type -Wno-non-virtual-dtor -Wno-overloaded-virtual -Wno-exit-time-destructors -Wno-missing-braces -Wparentheses -Wswitch -Wno-unused-function -Wno-unused-label -Wno-unused-parameter -Wno-unused-variable -Wunused-value -Wno-empty-body -Wno-uninitialized -Wno-unknown-pragmas -Wno-shadow -Wno-four-char-constants -Wno-conversion -Wno-constant-conversion -Wno-int-conversion -Wno-bool-conversion -Wno-enum-conversion -Wno-shorten-64-to-32 -Wno-newline-eof -Wno-c++11-extensions -DCMAKE_INTDIR=\"Debug\" -isysroot /Applications/Xcode.app/Contents/Developer/Platforms/MacOSX.platform/Developer/SDKs/MacOSX10.11.sdk -fasm-blocks -fstrict-aliasing -Wdeprecated-declarations -Winvalid-offsetof -mmacosx-version-min=10.11 -g -Wno-sign-conversion -I/Users/zuziakaxel/Development/Geant4/projects/fh/CMakeFiles/CMakeTmp/Debug/include -I/Users/zuziakaxel/Development/Geant4/projects/fh/CMakeFiles/CMakeTmp/CMAKE_TRY_COMPILE.build/Debug/cmTC_ea5cc.build/DerivedSources/x86_64 -I/Users/zuziakaxel/Development/Geant4/projects/fh/CMakeFiles/CMakeTmp/CMAKE_TRY_COMPILE.build/Debug/cmTC_ea5cc.build/DerivedSources -Wmost -Wno-four-char-constants -Wno-unknown-pragmas -F/Users/zuziakaxel/Development/Geant4/projects/fh/CMakeFiles/CMakeTmp/Debug -std=c++14 -MMD -MT dependencies -MF /Users/zuziakaxel/Development/Geant4/projects/fh/CMakeFiles/CMakeTmp/CMAKE_TRY_COMPILE.build/Debug/cmTC_ea5cc.build/Objects-normal/x86_64/feature_tests.d --serialize-diagnostics /Users/zuziakaxel/Development/Geant4/projects/fh/CMakeFiles/CMakeTmp/CMAKE_TRY_COMPILE.build/Debug/cmTC_ea5cc.build/Objects-normal/x86_64/feature_tests.dia -c /Users/zuziakaxel/Development/Geant4/projects/fh/CMakeFiles/feature_tests.cxx -o /Users/zuziakaxel/Development/Geant4/projects/fh/CMakeFiles/CMakeTmp/CMAKE_TRY_COMPILE.build/Debug/cmTC_ea5cc.build/Objects-normal/x86_64/feature_tests.o

Ld Debug/cmTC_ea5cc normal x86_64
    cd /Users/zuziakaxel/Development/Geant4/projects/fh/CMakeFiles/CMakeTmp
    export MACOSX_DEPLOYMENT_TARGET=10.11
    /Applications/Xcode.app/Contents/Developer/Toolchains/XcodeDefault.xctoolchain/usr/bin/clang++ -arch x86_64 -isysroot /Applications/Xcode.app/Contents/Developer/Platforms/MacOSX.platform/Developer/SDKs/MacOSX10.11.sdk -L/Users/zuziakaxel/Development/Geant4/projects/fh/CMakeFiles/CMakeTmp/Debug -F/Users/zuziakaxel/Development/Geant4/projects/fh/CMakeFiles/CMakeTmp/Debug -filelist /Users/zuziakaxel/Development/Geant4/projects/fh/CMakeFiles/CMakeTmp/CMAKE_TRY_COMPILE.build/Debug/cmTC_ea5cc.build/Objects-normal/x86_64/cmTC_ea5cc.LinkFileList -mmacosx-version-min=10.11 -Wl,-search_paths_first -Wl,-headerpad_max_install_names -Xlinker -dependency_info -Xlinker /Users/zuziakaxel/Development/Geant4/projects/fh/CMakeFiles/CMakeTmp/CMAKE_TRY_COMPILE.build/Debug/cmTC_ea5cc.build/Objects-normal/x86_64/cmTC_ea5cc_dependency_info.dat -o /Users/zuziakaxel/Development/Geant4/projects/fh/CMakeFiles/CMakeTmp/Debug/cmTC_ea5cc

** BUILD SUCCEEDED **



    Feature record: CXX_FEATURE:1cxx_aggregate_default_initializers
    Feature record: CXX_FEATURE:1cxx_alias_templates
    Feature record: CXX_FEATURE:1cxx_alignas
    Feature record: CXX_FEATURE:1cxx_alignof
    Feature record: CXX_FEATURE:1cxx_attributes
    Feature record: CXX_FEATURE:1cxx_attribute_deprecated
    Feature record: CXX_FEATURE:1cxx_auto_type
    Feature record: CXX_FEATURE:1cxx_binary_literals
    Feature record: CXX_FEATURE:1cxx_constexpr
    Feature record: CXX_FEATURE:1cxx_contextual_conversions
    Feature record: CXX_FEATURE:1cxx_decltype
    Feature record: CXX_FEATURE:1cxx_decltype_auto
    Feature record: CXX_FEATURE:1cxx_decltype_incomplete_return_types
    Feature record: CXX_FEATURE:1cxx_default_function_template_args
    Feature record: CXX_FEATURE:1cxx_defaulted_functions
    Feature record: CXX_FEATURE:1cxx_defaulted_move_initializers
    Feature record: CXX_FEATURE:1cxx_delegating_constructors
    Feature record: CXX_FEATURE:1cxx_deleted_functions
    Feature record: CXX_FEATURE:1cxx_digit_separators
    Feature record: CXX_FEATURE:1cxx_enum_forward_declarations
    Feature record: CXX_FEATURE:1cxx_explicit_conversions
    Feature record: CXX_FEATURE:1cxx_extended_friend_declarations
    Feature record: CXX_FEATURE:1cxx_extern_templates
    Feature record: CXX_FEATURE:1cxx_final
    Feature record: CXX_FEATURE:1cxx_func_identifier
    Feature record: CXX_FEATURE:1cxx_generalized_initializers
    Feature record: CXX_FEATURE:1cxx_generic_lambdas
    Feature record: CXX_FEATURE:1cxx_inheriting_constructors
    Feature record: CXX_FEATURE:1cxx_inline_namespaces
    Feature record: CXX_FEATURE:1cxx_lambdas
    Feature record: CXX_FEATURE:1cxx_lambda_init_captures
    Feature record: CXX_FEATURE:1cxx_local_type_template_args
    Feature record: CXX_FEATURE:1cxx_long_long_type
    Feature record: CXX_FEATURE:1cxx_noexcept
    Feature record: CXX_FEATURE:1cxx_nonstatic_member_init
    Feature record: CXX_FEATURE:1cxx_nullptr
    Feature record: CXX_FEATURE:1cxx_override
    Feature record: CXX_FEATURE:1cxx_range_for
    Feature record: CXX_FEATURE:1cxx_raw_string_literals
    Feature record: CXX_FEATURE:1cxx_reference_qualified_functions
    Feature record: CXX_FEATURE:1cxx_relaxed_constexpr
    Feature record: CXX_FEATURE:1cxx_return_type_deduction
    Feature record: CXX_FEATURE:1cxx_right_angle_brackets
    Feature record: CXX_FEATURE:1cxx_rvalue_references
    Feature record: CXX_FEATURE:1cxx_sizeof_member
    Feature record: CXX_FEATURE:1cxx_static_assert
    Feature record: CXX_FEATURE:1cxx_strong_enums
    Feature record: CXX_FEATURE:1cxx_template_template_parameters
    Feature record: CXX_FEATURE:0cxx_thread_local
    Feature record: CXX_FEATURE:1cxx_trailing_return_types
    Feature record: CXX_FEATURE:1cxx_unicode_literals
    Feature record: CXX_FEATURE:1cxx_uniform_initialization
    Feature record: CXX_FEATURE:1cxx_unrestricted_unions
    Feature record: CXX_FEATURE:1cxx_user_literals
    Feature record: CXX_FEATURE:1cxx_variable_templates
    Feature record: CXX_FEATURE:1cxx_variadic_macros
    Feature record: CXX_FEATURE:1cxx_variadic_templates


Detecting CXX [-std=c++11] compiler features compiled with the following output:
Change Dir: /Users/zuziakaxel/Development/Geant4/projects/fh/CMakeFiles/CMakeTmp

Run Build Command:"/usr/bin/xcodebuild" "-project" "CMAKE_TRY_COMPILE.xcodeproj" "build" "-target" "cmTC_faabc" "-configuration" "Debug"
2015-12-12 17:40:23.618 xcodebuild[54634:1477059] [MT] PluginLoading: Required plug-in compatibility UUID 7265231C-39B4-402C-89E1-16167C4CC990 for plug-in at path '~/Library/Application Support/Developer/Shared/Xcode/Plug-ins/RealmBrowser.xcplugin' not present in DVTPlugInCompatibilityUUIDs
=== BUILD TARGET cmTC_faabc OF PROJECT CMAKE_TRY_COMPILE WITH CONFIGURATION Debug ===

Check dependencies

Write auxiliary files
/bin/mkdir -p /Users/zuziakaxel/Development/Geant4/projects/fh/CMakeFiles/CMakeTmp/CMAKE_TRY_COMPILE.build/Debug/cmTC_faabc.build/Objects-normal/x86_64
write-file /Users/zuziakaxel/Development/Geant4/projects/fh/CMakeFiles/CMakeTmp/CMAKE_TRY_COMPILE.build/Debug/cmTC_faabc.build/Objects-normal/x86_64/cmTC_faabc.LinkFileList

CompileC CMAKE_TRY_COMPILE.build/Debug/cmTC_faabc.build/Objects-normal/x86_64/feature_tests.o /Users/zuziakaxel/Development/Geant4/projects/fh/CMakeFiles/feature_tests.cxx normal x86_64 c++ com.apple.compilers.llvm.clang.1_0.compiler
    cd /Users/zuziakaxel/Development/Geant4/projects/fh/CMakeFiles/CMakeTmp
    export LANG=en_US.US-ASCII
    /Applications/Xcode.app/Contents/Developer/Toolchains/XcodeDefault.xctoolchain/usr/bin/clang -x c++ -arch x86_64 -fmessage-length=0 -fdiagnostics-show-note-include-stack -fmacro-backtrace-limit=0 -Wno-trigraphs -fpascal-strings -O0 -Wno-missing-field-initializers -Wno-missing-prototypes -Wno-return-type -Wno-non-virtual-dtor -Wno-overloaded-virtual -Wno-exit-time-destructors -Wno-missing-braces -Wparentheses -Wswitch -Wno-unused-function -Wno-unused-label -Wno-unused-parameter -Wno-unused-variable -Wunused-value -Wno-empty-body -Wno-uninitialized -Wno-unknown-pragmas -Wno-shadow -Wno-four-char-constants -Wno-conversion -Wno-constant-conversion -Wno-int-conversion -Wno-bool-conversion -Wno-enum-conversion -Wno-shorten-64-to-32 -Wno-newline-eof -Wno-c++11-extensions -DCMAKE_INTDIR=\"Debug\" -isysroot /Applications/Xcode.app/Contents/Developer/Platforms/MacOSX.platform/Developer/SDKs/MacOSX10.11.sdk -fasm-blocks -fstrict-aliasing -Wdeprecated-declarations -Winvalid-offsetof -mmacosx-version-min=10.11 -g -Wno-sign-conversion -I/Users/zuziakaxel/Development/Geant4/projects/fh/CMakeFiles/CMakeTmp/Debug/include -I/Users/zuziakaxel/Development/Geant4/projects/fh/CMakeFiles/CMakeTmp/CMAKE_TRY_COMPILE.build/Debug/cmTC_faabc.build/DerivedSources/x86_64 -I/Users/zuziakaxel/Development/Geant4/projects/fh/CMakeFiles/CMakeTmp/CMAKE_TRY_COMPILE.build/Debug/cmTC_faabc.build/DerivedSources -Wmost -Wno-four-char-constants -Wno-unknown-pragmas -F/Users/zuziakaxel/Development/Geant4/projects/fh/CMakeFiles/CMakeTmp/Debug -std=c++11 -MMD -MT dependencies -MF /Users/zuziakaxel/Development/Geant4/projects/fh/CMakeFiles/CMakeTmp/CMAKE_TRY_COMPILE.build/Debug/cmTC_faabc.build/Objects-normal/x86_64/feature_tests.d --serialize-diagnostics /Users/zuziakaxel/Development/Geant4/projects/fh/CMakeFiles/CMakeTmp/CMAKE_TRY_COMPILE.build/Debug/cmTC_faabc.build/Objects-normal/x86_64/feature_tests.dia -c /Users/zuziakaxel/Development/Geant4/projects/fh/CMakeFiles/feature_tests.cxx -o /Users/zuziakaxel/Development/Geant4/projects/fh/CMakeFiles/CMakeTmp/CMAKE_TRY_COMPILE.build/Debug/cmTC_faabc.build/Objects-normal/x86_64/feature_tests.o

Ld Debug/cmTC_faabc normal x86_64
    cd /Users/zuziakaxel/Development/Geant4/projects/fh/CMakeFiles/CMakeTmp
    export MACOSX_DEPLOYMENT_TARGET=10.11
    /Applications/Xcode.app/Contents/Developer/Toolchains/XcodeDefault.xctoolchain/usr/bin/clang++ -arch x86_64 -isysroot /Applications/Xcode.app/Contents/Developer/Platforms/MacOSX.platform/Developer/SDKs/MacOSX10.11.sdk -L/Users/zuziakaxel/Development/Geant4/projects/fh/CMakeFiles/CMakeTmp/Debug -F/Users/zuziakaxel/Development/Geant4/projects/fh/CMakeFiles/CMakeTmp/Debug -filelist /Users/zuziakaxel/Development/Geant4/projects/fh/CMakeFiles/CMakeTmp/CMAKE_TRY_COMPILE.build/Debug/cmTC_faabc.build/Objects-normal/x86_64/cmTC_faabc.LinkFileList -mmacosx-version-min=10.11 -Wl,-search_paths_first -Wl,-headerpad_max_install_names -Xlinker -dependency_info -Xlinker /Users/zuziakaxel/Development/Geant4/projects/fh/CMakeFiles/CMakeTmp/CMAKE_TRY_COMPILE.build/Debug/cmTC_faabc.build/Objects-normal/x86_64/cmTC_faabc_dependency_info.dat -o /Users/zuziakaxel/Development/Geant4/projects/fh/CMakeFiles/CMakeTmp/Debug/cmTC_faabc

** BUILD SUCCEEDED **



    Feature record: CXX_FEATURE:0cxx_aggregate_default_initializers
    Feature record: CXX_FEATURE:1cxx_alias_templates
    Feature record: CXX_FEATURE:1cxx_alignas
    Feature record: CXX_FEATURE:1cxx_alignof
    Feature record: CXX_FEATURE:1cxx_attributes
    Feature record: CXX_FEATURE:0cxx_attribute_deprecated
    Feature record: CXX_FEATURE:1cxx_auto_type
    Feature record: CXX_FEATURE:0cxx_binary_literals
    Feature record: CXX_FEATURE:1cxx_constexpr
    Feature record: CXX_FEATURE:0cxx_contextual_conversions
    Feature record: CXX_FEATURE:1cxx_decltype
    Feature record: CXX_FEATURE:0cxx_decltype_auto
    Feature record: CXX_FEATURE:1cxx_decltype_incomplete_return_types
    Feature record: CXX_FEATURE:1cxx_default_function_template_args
    Feature record: CXX_FEATURE:1cxx_defaulted_functions
    Feature record: CXX_FEATURE:1cxx_defaulted_move_initializers
    Feature record: CXX_FEATURE:1cxx_delegating_constructors
    Feature record: CXX_FEATURE:1cxx_deleted_functions
    Feature record: CXX_FEATURE:0cxx_digit_separators
    Feature record: CXX_FEATURE:1cxx_enum_forward_declarations
    Feature record: CXX_FEATURE:1cxx_explicit_conversions
    Feature record: CXX_FEATURE:1cxx_extended_friend_declarations
    Feature record: CXX_FEATURE:1cxx_extern_templates
    Feature record: CXX_FEATURE:1cxx_final
    Feature record: CXX_FEATURE:1cxx_func_identifier
    Feature record: CXX_FEATURE:1cxx_generalized_initializers
    Feature record: CXX_FEATURE:0cxx_generic_lambdas
    Feature record: CXX_FEATURE:1cxx_inheriting_constructors
    Feature record: CXX_FEATURE:1cxx_inline_namespaces
    Feature record: CXX_FEATURE:1cxx_lambdas
    Feature record: CXX_FEATURE:0cxx_lambda_init_captures
    Feature record: CXX_FEATURE:1cxx_local_type_template_args
    Feature record: CXX_FEATURE:1cxx_long_long_type
    Feature record: CXX_FEATURE:1cxx_noexcept
    Feature record: CXX_FEATURE:1cxx_nonstatic_member_init
    Feature record: CXX_FEATURE:1cxx_nullptr
    Feature record: CXX_FEATURE:1cxx_override
    Feature record: CXX_FEATURE:1cxx_range_for
    Feature record: CXX_FEATURE:1cxx_raw_string_literals
    Feature record: CXX_FEATURE:1cxx_reference_qualified_functions
    Feature record: CXX_FEATURE:0cxx_relaxed_constexpr
    Feature record: CXX_FEATURE:0cxx_return_type_deduction
    Feature record: CXX_FEATURE:1cxx_right_angle_brackets
    Feature record: CXX_FEATURE:1cxx_rvalue_references
    Feature record: CXX_FEATURE:1cxx_sizeof_member
    Feature record: CXX_FEATURE:1cxx_static_assert
    Feature record: CXX_FEATURE:1cxx_strong_enums
    Feature record: CXX_FEATURE:1cxx_template_template_parameters
    Feature record: CXX_FEATURE:0cxx_thread_local
    Feature record: CXX_FEATURE:1cxx_trailing_return_types
    Feature record: CXX_FEATURE:1cxx_unicode_literals
    Feature record: CXX_FEATURE:1cxx_uniform_initialization
    Feature record: CXX_FEATURE:1cxx_unrestricted_unions
    Feature record: CXX_FEATURE:1cxx_user_literals
    Feature record: CXX_FEATURE:0cxx_variable_templates
    Feature record: CXX_FEATURE:1cxx_variadic_macros
    Feature record: CXX_FEATURE:1cxx_variadic_templates


Detecting CXX [-std=c++98] compiler features compiled with the following output:
Change Dir: /Users/zuziakaxel/Development/Geant4/projects/fh/CMakeFiles/CMakeTmp

Run Build Command:"/usr/bin/xcodebuild" "-project" "CMAKE_TRY_COMPILE.xcodeproj" "build" "-target" "cmTC_b9d73" "-configuration" "Debug"
2015-12-12 17:40:24.541 xcodebuild[54650:1477110] [MT] PluginLoading: Required plug-in compatibility UUID 7265231C-39B4-402C-89E1-16167C4CC990 for plug-in at path '~/Library/Application Support/Developer/Shared/Xcode/Plug-ins/RealmBrowser.xcplugin' not present in DVTPlugInCompatibilityUUIDs
=== BUILD TARGET cmTC_b9d73 OF PROJECT CMAKE_TRY_COMPILE WITH CONFIGURATION Debug ===

Check dependencies

Write auxiliary files
/bin/mkdir -p /Users/zuziakaxel/Development/Geant4/projects/fh/CMakeFiles/CMakeTmp/CMAKE_TRY_COMPILE.build/Debug/cmTC_b9d73.build/Objects-normal/x86_64
write-file /Users/zuziakaxel/Development/Geant4/projects/fh/CMakeFiles/CMakeTmp/CMAKE_TRY_COMPILE.build/Debug/cmTC_b9d73.build/Objects-normal/x86_64/cmTC_b9d73.LinkFileList

CompileC CMAKE_TRY_COMPILE.build/Debug/cmTC_b9d73.build/Objects-normal/x86_64/feature_tests.o /Users/zuziakaxel/Development/Geant4/projects/fh/CMakeFiles/feature_tests.cxx normal x86_64 c++ com.apple.compilers.llvm.clang.1_0.compiler
    cd /Users/zuziakaxel/Development/Geant4/projects/fh/CMakeFiles/CMakeTmp
    export LANG=en_US.US-ASCII
    /Applications/Xcode.app/Contents/Developer/Toolchains/XcodeDefault.xctoolchain/usr/bin/clang -x c++ -arch x86_64 -fmessage-length=0 -fdiagnostics-show-note-include-stack -fmacro-backtrace-limit=0 -Wno-trigraphs -fpascal-strings -O0 -Wno-missing-field-initializers -Wno-missing-prototypes -Wno-return-type -Wno-non-virtual-dtor -Wno-overloaded-virtual -Wno-exit-time-destructors -Wno-missing-braces -Wparentheses -Wswitch -Wno-unused-function -Wno-unused-label -Wno-unused-parameter -Wno-unused-variable -Wunused-value -Wno-empty-body -Wno-uninitialized -Wno-unknown-pragmas -Wno-shadow -Wno-four-char-constants -Wno-conversion -Wno-constant-conversion -Wno-int-conversion -Wno-bool-conversion -Wno-enum-conversion -Wno-shorten-64-to-32 -Wno-newline-eof -Wno-c++11-extensions -DCMAKE_INTDIR=\"Debug\" -isysroot /Applications/Xcode.app/Contents/Developer/Platforms/MacOSX.platform/Developer/SDKs/MacOSX10.11.sdk -fasm-blocks -fstrict-aliasing -Wdeprecated-declarations -Winvalid-offsetof -mmacosx-version-min=10.11 -g -Wno-sign-conversion -I/Users/zuziakaxel/Development/Geant4/projects/fh/CMakeFiles/CMakeTmp/Debug/include -I/Users/zuziakaxel/Development/Geant4/projects/fh/CMakeFiles/CMakeTmp/CMAKE_TRY_COMPILE.build/Debug/cmTC_b9d73.build/DerivedSources/x86_64 -I/Users/zuziakaxel/Development/Geant4/projects/fh/CMakeFiles/CMakeTmp/CMAKE_TRY_COMPILE.build/Debug/cmTC_b9d73.build/DerivedSources -Wmost -Wno-four-char-constants -Wno-unknown-pragmas -F/Users/zuziakaxel/Development/Geant4/projects/fh/CMakeFiles/CMakeTmp/Debug -std=c++98 -MMD -MT dependencies -MF /Users/zuziakaxel/Development/Geant4/projects/fh/CMakeFiles/CMakeTmp/CMAKE_TRY_COMPILE.build/Debug/cmTC_b9d73.build/Objects-normal/x86_64/feature_tests.d --serialize-diagnostics /Users/zuziakaxel/Development/Geant4/projects/fh/CMakeFiles/CMakeTmp/CMAKE_TRY_COMPILE.build/Debug/cmTC_b9d73.build/Objects-normal/x86_64/feature_tests.dia -c /Users/zuziakaxel/Development/Geant4/projects/fh/CMakeFiles/feature_tests.cxx -o /Users/zuziakaxel/Development/Geant4/projects/fh/CMakeFiles/CMakeTmp/CMAKE_TRY_COMPILE.build/Debug/cmTC_b9d73.build/Objects-normal/x86_64/feature_tests.o

Ld Debug/cmTC_b9d73 normal x86_64
    cd /Users/zuziakaxel/Development/Geant4/projects/fh/CMakeFiles/CMakeTmp
    export MACOSX_DEPLOYMENT_TARGET=10.11
    /Applications/Xcode.app/Contents/Developer/Toolchains/XcodeDefault.xctoolchain/usr/bin/clang++ -arch x86_64 -isysroot /Applications/Xcode.app/Contents/Developer/Platforms/MacOSX.platform/Developer/SDKs/MacOSX10.11.sdk -L/Users/zuziakaxel/Development/Geant4/projects/fh/CMakeFiles/CMakeTmp/Debug -F/Users/zuziakaxel/Development/Geant4/projects/fh/CMakeFiles/CMakeTmp/Debug -filelist /Users/zuziakaxel/Development/Geant4/projects/fh/CMakeFiles/CMakeTmp/CMAKE_TRY_COMPILE.build/Debug/cmTC_b9d73.build/Objects-normal/x86_64/cmTC_b9d73.LinkFileList -mmacosx-version-min=10.11 -Wl,-search_paths_first -Wl,-headerpad_max_install_names -Xlinker -dependency_info -Xlinker /Users/zuziakaxel/Development/Geant4/projects/fh/CMakeFiles/CMakeTmp/CMAKE_TRY_COMPILE.build/Debug/cmTC_b9d73.build/Objects-normal/x86_64/cmTC_b9d73_dependency_info.dat -o /Users/zuziakaxel/Development/Geant4/projects/fh/CMakeFiles/CMakeTmp/Debug/cmTC_b9d73

** BUILD SUCCEEDED **



    Feature record: CXX_FEATURE:0cxx_aggregate_default_initializers
    Feature record: CXX_FEATURE:0cxx_alias_templates
    Feature record: CXX_FEATURE:0cxx_alignas
    Feature record: CXX_FEATURE:0cxx_alignof
    Feature record: CXX_FEATURE:0cxx_attributes
    Feature record: CXX_FEATURE:0cxx_attribute_deprecated
    Feature record: CXX_FEATURE:0cxx_auto_type
    Feature record: CXX_FEATURE:0cxx_binary_literals
    Feature record: CXX_FEATURE:0cxx_constexpr
    Feature record: CXX_FEATURE:0cxx_contextual_conversions
    Feature record: CXX_FEATURE:0cxx_decltype
    Feature record: CXX_FEATURE:0cxx_decltype_auto
    Feature record: CXX_FEATURE:0cxx_decltype_incomplete_return_types
    Feature record: CXX_FEATURE:0cxx_default_function_template_args
    Feature record: CXX_FEATURE:0cxx_defaulted_functions
    Feature record: CXX_FEATURE:0cxx_defaulted_move_initializers
    Feature record: CXX_FEATURE:0cxx_delegating_constructors
    Feature record: CXX_FEATURE:0cxx_deleted_functions
    Feature record: CXX_FEATURE:0cxx_digit_separators
    Feature record: CXX_FEATURE:0cxx_enum_forward_declarations
    Feature record: CXX_FEATURE:0cxx_explicit_conversions
    Feature record: CXX_FEATURE:0cxx_extended_friend_declarations
    Feature record: CXX_FEATURE:0cxx_extern_templates
    Feature record: CXX_FEATURE:0cxx_final
    Feature record: CXX_FEATURE:0cxx_func_identifier
    Feature record: CXX_FEATURE:0cxx_generalized_initializers
    Feature record: CXX_FEATURE:0cxx_generic_lambdas
    Feature record: CXX_FEATURE:0cxx_inheriting_constructors
    Feature record: CXX_FEATURE:0cxx_inline_namespaces
    Feature record: CXX_FEATURE:0cxx_lambdas
    Feature record: CXX_FEATURE:0cxx_lambda_init_captures
    Feature record: CXX_FEATURE:0cxx_local_type_template_args
    Feature record: CXX_FEATURE:0cxx_long_long_type
    Feature record: CXX_FEATURE:0cxx_noexcept
    Feature record: CXX_FEATURE:0cxx_nonstatic_member_init
    Feature record: CXX_FEATURE:0cxx_nullptr
    Feature record: CXX_FEATURE:0cxx_override
    Feature record: CXX_FEATURE:0cxx_range_for
    Feature record: CXX_FEATURE:0cxx_raw_string_literals
    Feature record: CXX_FEATURE:0cxx_reference_qualified_functions
    Feature record: CXX_FEATURE:0cxx_relaxed_constexpr
    Feature record: CXX_FEATURE:0cxx_return_type_deduction
    Feature record: CXX_FEATURE:0cxx_right_angle_brackets
    Feature record: CXX_FEATURE:0cxx_rvalue_references
    Feature record: CXX_FEATURE:0cxx_sizeof_member
    Feature record: CXX_FEATURE:0cxx_static_assert
    Feature record: CXX_FEATURE:0cxx_strong_enums
    Feature record: CXX_FEATURE:1cxx_template_template_parameters
    Feature record: CXX_FEATURE:0cxx_thread_local
    Feature record: CXX_FEATURE:0cxx_trailing_return_types
    Feature record: CXX_FEATURE:0cxx_unicode_literals
    Feature record: CXX_FEATURE:0cxx_uniform_initialization
    Feature record: CXX_FEATURE:0cxx_unrestricted_unions
    Feature record: CXX_FEATURE:0cxx_user_literals
    Feature record: CXX_FEATURE:0cxx_variable_templates
    Feature record: CXX_FEATURE:0cxx_variadic_macros
    Feature record: CXX_FEATURE:0cxx_variadic_templates
